# BLASTN 2.2.31+
# Query: SMASTR_1_F
# Database: ../BlastDB/human_genome.db
# Fields: query id, subject id, % identity, alignment length, mismatches, gap opens, q. start, q. end, s. start, s. end, evalue, bit score
# 27 hits found
SMASTR_1_F	NC_000011.10	100.00	24	0	0	1	24	82292699	82292722	8e-05	48.1
SMASTR_1_F	NC_000011.10	100.00	16	0	0	8	23	49324932	49324917	4.6	32.2
SMASTR_1_F	NC_000010.11	100.00	24	0	0	1	24	29577764	29577741	8e-05	48.1
SMASTR_1_F	NC_000007.14	100.00	19	0	0	3	21	48623560	48623578	0.074	38.2
SMASTR_1_F	NC_000007.14	100.00	16	0	0	4	19	144177903	144177888	4.6	32.2
SMASTR_1_F	NC_000002.12	100.00	19	0	0	1	19	135399744	135399726	0.074	38.2
SMASTR_1_F	NC_000001.11	100.00	19	0	0	1	19	196707344	196707326	0.074	38.2
SMASTR_1_F	NC_000001.11	100.00	16	0	0	4	19	8416040	8416025	4.6	32.2
SMASTR_1_F	NC_000001.11	100.00	16	0	0	4	19	58818326	58818341	4.6	32.2
SMASTR_1_F	NC_000001.11	95.00	20	1	0	5	24	86067973	86067954	4.6	32.2
SMASTR_1_F	NC_000001.11	100.00	16	0	0	1	16	87499171	87499186	4.6	32.2
SMASTR_1_F	NC_000001.11	100.00	16	0	0	1	16	148165671	148165656	4.6	32.2
SMASTR_1_F	NC_000001.11	100.00	16	0	0	4	19	196873376	196873361	4.6	32.2
SMASTR_1_F	NC_000001.11	100.00	16	0	0	4	19	220403055	220403040	4.6	32.2
SMASTR_1_F	NC_000017.11	100.00	18	0	0	7	24	30395270	30395253	0.29	36.2
SMASTR_1_F	NC_000009.12	100.00	17	0	0	2	18	75375256	75375240	1.2	34.2
SMASTR_1_F	NC_000023.11	100.00	16	0	0	2	17	102000162	102000147	4.6	32.2
SMASTR_1_F	NC_000023.11	100.00	16	0	0	4	19	146456977	146456992	4.6	32.2
SMASTR_1_F	NC_000015.10	100.00	16	0	0	1	16	92498637	92498652	4.6	32.2
SMASTR_1_F	NC_000013.11	100.00	16	0	0	4	19	24860626	24860641	4.6	32.2
SMASTR_1_F	NC_000013.11	95.00	20	1	0	1	20	89776359	89776340	4.6	32.2
SMASTR_1_F	NC_000012.12	100.00	16	0	0	8	23	20403057	20403042	4.6	32.2
SMASTR_1_F	NC_000012.12	100.00	16	0	0	4	19	41779065	41779080	4.6	32.2
SMASTR_1_F	NC_000006.12	100.00	16	0	0	9	24	100438552	100438567	4.6	32.2
SMASTR_1_F	NC_000004.12	100.00	16	0	0	4	19	147382786	147382801	4.6	32.2
SMASTR_1_F	NC_000003.12	100.00	16	0	0	5	20	30163284	30163269	4.6	32.2
SMASTR_1_F	NC_000003.12	95.00	20	1	0	4	23	180164489	180164470	4.6	32.2
# BLASTN 2.2.31+
# Query: SMASTR_2_F
# Database: ../BlastDB/human_genome.db
# Fields: query id, subject id, % identity, alignment length, mismatches, gap opens, q. start, q. end, s. start, s. end, evalue, bit score
# 19 hits found
SMASTR_2_F	NC_000015.10	100.00	23	0	0	1	23	88266804	88266826	3e-04	46.1
SMASTR_2_F	NC_000023.11	100.00	17	0	0	2	18	31349536	31349520	0.99	34.2
SMASTR_2_F	NC_000023.11	100.00	16	0	0	1	16	113050351	113050336	3.9	32.2
SMASTR_2_F	NC_000023.11	95.00	20	1	0	2	21	117531948	117531967	3.9	32.2
SMASTR_2_F	NC_000009.12	100.00	17	0	0	1	17	4090533	4090549	0.99	34.2
SMASTR_2_F	NC_000005.10	95.24	21	1	0	2	22	106133731	106133751	0.99	34.2
SMASTR_2_F	NC_000005.10	100.00	16	0	0	1	16	97159651	97159666	3.9	32.2
SMASTR_2_F	NC_000020.11	100.00	16	0	0	2	17	23509621	23509606	3.9	32.2
SMASTR_2_F	NC_000017.11	100.00	16	0	0	4	19	63407407	63407422	3.9	32.2
SMASTR_2_F	NC_000013.11	95.00	20	1	0	1	20	52712236	52712217	3.9	32.2
SMASTR_2_F	NC_000012.12	95.00	20	1	0	1	20	1293905	1293886	3.9	32.2
SMASTR_2_F	NC_000008.11	100.00	16	0	0	2	17	56065791	56065806	3.9	32.2
SMASTR_2_F	NC_000008.11	100.00	16	0	0	6	21	61264039	61264024	3.9	32.2
SMASTR_2_F	NC_000007.14	100.00	16	0	0	2	17	116928198	116928213	3.9	32.2
SMASTR_2_F	NC_000004.12	100.00	16	0	0	1	16	94506822	94506807	3.9	32.2
SMASTR_2_F	NC_000004.12	100.00	16	0	0	2	17	179941218	179941233	3.9	32.2
SMASTR_2_F	NC_000003.12	100.00	16	0	0	1	16	102307553	102307538	3.9	32.2
SMASTR_2_F	NC_000002.12	100.00	16	0	0	1	16	55196327	55196312	3.9	32.2
SMASTR_2_F	NC_000002.12	100.00	16	0	0	3	18	136754973	136754958	3.9	32.2
# BLASTN 2.2.31+
# Query: SMASTR_3_F
# Database: ../BlastDB/human_genome.db
# Fields: query id, subject id, % identity, alignment length, mismatches, gap opens, q. start, q. end, s. start, s. end, evalue, bit score
# 19 hits found
SMASTR_3_F	NC_000018.10	100.00	20	0	0	1	20	67772962	67772981	0.008	40.1
SMASTR_3_F	NC_000018.10	100.00	15	0	0	4	18	46685871	46685857	7.7	30.2
SMASTR_3_F	NC_000018.10	100.00	15	0	0	5	19	48490322	48490308	7.7	30.2
SMASTR_3_F	NC_000004.12	100.00	17	0	0	2	18	24066077	24066093	0.50	34.2
SMASTR_3_F	NC_000003.12	95.00	20	1	0	1	20	147963225	147963206	2.0	32.2
SMASTR_3_F	NC_000023.11	100.00	15	0	0	6	20	23982937	23982923	7.7	30.2
SMASTR_3_F	NC_000017.11	100.00	15	0	0	2	16	15739061	15739047	7.7	30.2
SMASTR_3_F	NC_000017.11	100.00	15	0	0	2	16	18637633	18637647	7.7	30.2
SMASTR_3_F	NC_000017.11	100.00	15	0	0	6	20	65207804	65207790	7.7	30.2
SMASTR_3_F	NC_000016.10	100.00	15	0	0	3	17	28828521	28828507	7.7	30.2
SMASTR_3_F	NC_000012.12	100.00	15	0	0	5	19	78553596	78553582	7.7	30.2
SMASTR_3_F	NC_000011.10	100.00	15	0	0	4	18	65414029	65414043	7.7	30.2
SMASTR_3_F	NC_000011.10	100.00	15	0	0	6	20	96794185	96794199	7.7	30.2
SMASTR_3_F	NC_000009.12	100.00	15	0	0	1	15	116687135	116687121	7.7	30.2
SMASTR_3_F	NC_000007.14	100.00	15	0	0	3	17	74293393	74293407	7.7	30.2
SMASTR_3_F	NC_000002.12	94.74	19	1	0	2	20	31486486	31486504	7.7	30.2
SMASTR_3_F	NC_000002.12	100.00	15	0	0	6	20	38248382	38248396	7.7	30.2
SMASTR_3_F	NC_000002.12	100.00	15	0	0	3	17	100874922	100874908	7.7	30.2
SMASTR_3_F	NC_000002.12	100.00	15	0	0	6	20	158265110	158265096	7.7	30.2
# BLASTN 2.2.31+
# Query: SMASTR_4_F
# Database: ../BlastDB/human_genome.db
# Fields: query id, subject id, % identity, alignment length, mismatches, gap opens, q. start, q. end, s. start, s. end, evalue, bit score
# 63 hits found
SMASTR_4_F	NC_000019.10	100.00	18	0	0	1	18	6775634	6775651	0.084	36.2
SMASTR_4_F	NC_000019.10	100.00	15	0	0	3	17	15113344	15113358	5.2	30.2
SMASTR_4_F	NC_000019.10	100.00	15	0	0	2	16	19198636	19198650	5.2	30.2
SMASTR_4_F	NT_187623.1	100.00	16	0	0	1	16	1001	1016	1.3	32.2
SMASTR_4_F	NC_000020.11	100.00	16	0	0	1	16	32071250	32071235	1.3	32.2
SMASTR_4_F	NC_000020.11	100.00	16	0	0	1	16	61887306	61887321	1.3	32.2
SMASTR_4_F	NC_000020.11	100.00	15	0	0	1	15	3100907	3100921	5.2	30.2
SMASTR_4_F	NC_000020.11	100.00	15	0	0	2	16	5214503	5214489	5.2	30.2
SMASTR_4_F	NC_000020.11	100.00	15	0	0	1	15	25565053	25565039	5.2	30.2
SMASTR_4_F	NC_000020.11	100.00	15	0	0	2	16	36332209	36332195	5.2	30.2
SMASTR_4_F	NC_000020.11	100.00	15	0	0	2	16	48630844	48630858	5.2	30.2
SMASTR_4_F	NC_000006.12	100.00	16	0	0	1	16	110783212	110783197	1.3	32.2
SMASTR_4_F	NC_000006.12	100.00	15	0	0	3	17	36962005	36961991	5.2	30.2
SMASTR_4_F	NC_000006.12	100.00	15	0	0	1	15	100243890	100243904	5.2	30.2
SMASTR_4_F	NC_000006.12	100.00	15	0	0	2	16	168676291	168676277	5.2	30.2
SMASTR_4_F	NC_000005.10	100.00	16	0	0	1	16	152259786	152259801	1.3	32.2
SMASTR_4_F	NC_000005.10	100.00	15	0	0	2	16	93022272	93022258	5.2	30.2
SMASTR_4_F	NC_000005.10	100.00	15	0	0	1	15	150287812	150287826	5.2	30.2
SMASTR_4_F	NC_000005.10	100.00	15	0	0	4	18	159881360	159881374	5.2	30.2
SMASTR_4_F	NC_000003.12	100.00	16	0	0	3	18	4713560	4713575	1.3	32.2
SMASTR_4_F	NC_000003.12	100.00	16	0	0	2	17	47012376	47012361	1.3	32.2
SMASTR_4_F	NC_000003.12	100.00	15	0	0	3	17	13847002	13847016	5.2	30.2
SMASTR_4_F	NC_000003.12	100.00	15	0	0	1	15	19455191	19455177	5.2	30.2
SMASTR_4_F	NC_000003.12	100.00	15	0	0	1	15	183150187	183150201	5.2	30.2
SMASTR_4_F	NC_000002.12	100.00	16	0	0	3	18	38281614	38281599	1.3	32.2
SMASTR_4_F	NC_000002.12	100.00	15	0	0	2	16	85157820	85157806	5.2	30.2
SMASTR_4_F	NC_000002.12	100.00	15	0	0	3	17	85926659	85926645	5.2	30.2
SMASTR_4_F	NT_187663.1	100.00	15	0	0	2	16	535356	535342	5.2	30.2
SMASTR_4_F	NT_167251.2	100.00	15	0	0	2	16	954917	954931	5.2	30.2
SMASTR_4_F	NW_011332700.1	100.00	15	0	0	1	15	46984	46998	5.2	30.2
SMASTR_4_F	NW_014040926.1	100.00	15	0	0	2	16	172377	172391	5.2	30.2
SMASTR_4_F	NC_000023.11	100.00	15	0	0	4	18	26007647	26007633	5.2	30.2
SMASTR_4_F	NC_000021.9	100.00	15	0	0	3	17	31469944	31469930	5.2	30.2
SMASTR_4_F	NC_000017.11	100.00	15	0	0	2	16	45833234	45833220	5.2	30.2
SMASTR_4_F	NC_000017.11	100.00	15	0	0	2	16	49572849	49572835	5.2	30.2
SMASTR_4_F	NC_000016.10	100.00	15	0	0	2	16	21063342	21063328	5.2	30.2
SMASTR_4_F	NC_000015.10	100.00	15	0	0	3	17	52185550	52185536	5.2	30.2
SMASTR_4_F	NC_000013.11	100.00	15	0	0	2	16	53227933	53227947	5.2	30.2
SMASTR_4_F	NC_000013.11	100.00	15	0	0	1	15	100947718	100947732	5.2	30.2
SMASTR_4_F	NC_000012.12	100.00	15	0	0	3	17	113273703	113273717	5.2	30.2
SMASTR_4_F	NC_000011.10	100.00	15	0	0	1	15	68025729	68025743	5.2	30.2
SMASTR_4_F	NC_000010.11	100.00	15	0	0	2	16	43180086	43180072	5.2	30.2
SMASTR_4_F	NC_000010.11	100.00	15	0	0	1	15	43668647	43668661	5.2	30.2
SMASTR_4_F	NC_000010.11	100.00	15	0	0	2	16	71612004	71612018	5.2	30.2
SMASTR_4_F	NC_000010.11	100.00	15	0	0	1	15	101253963	101253977	5.2	30.2
SMASTR_4_F	NC_000010.11	100.00	15	0	0	3	17	111983317	111983331	5.2	30.2
SMASTR_4_F	NC_000009.12	100.00	15	0	0	1	15	74657598	74657612	5.2	30.2
SMASTR_4_F	NC_000009.12	100.00	15	0	0	4	18	128412189	128412203	5.2	30.2
SMASTR_4_F	NC_000009.12	100.00	15	0	0	3	17	133637226	133637240	5.2	30.2
SMASTR_4_F	NC_000009.12	100.00	15	0	0	1	15	135225566	135225552	5.2	30.2
SMASTR_4_F	NC_000008.11	100.00	15	0	0	3	17	85129006	85129020	5.2	30.2
SMASTR_4_F	NC_000004.12	100.00	15	0	0	1	15	20783983	20783997	5.2	30.2
SMASTR_4_F	NC_000004.12	100.00	15	0	0	1	15	144927583	144927597	5.2	30.2
SMASTR_4_F	NC_000004.12	100.00	15	0	0	1	15	166521585	166521571	5.2	30.2
SMASTR_4_F	NC_000001.11	100.00	15	0	0	2	16	2148569	2148583	5.2	30.2
SMASTR_4_F	NC_000001.11	100.00	15	0	0	2	16	23402398	23402412	5.2	30.2
SMASTR_4_F	NC_000001.11	100.00	15	0	0	2	16	25585729	25585743	5.2	30.2
SMASTR_4_F	NC_000001.11	100.00	15	0	0	1	15	33374429	33374415	5.2	30.2
SMASTR_4_F	NC_000001.11	100.00	15	0	0	3	17	115833554	115833540	5.2	30.2
SMASTR_4_F	NC_000001.11	100.00	15	0	0	1	15	151293482	151293468	5.2	30.2
SMASTR_4_F	NC_000001.11	100.00	15	0	0	4	18	204443401	204443387	5.2	30.2
SMASTR_4_F	NC_000001.11	100.00	15	0	0	2	16	204558777	204558763	5.2	30.2
SMASTR_4_F	NC_000001.11	100.00	15	0	0	2	16	239554433	239554419	5.2	30.2
# BLASTN 2.2.31+
# Query: SMASTR_5_F
# Database: ../BlastDB/human_genome.db
# Fields: query id, subject id, % identity, alignment length, mismatches, gap opens, q. start, q. end, s. start, s. end, evalue, bit score
# 5 hits found
SMASTR_5_F	NC_000020.11	100.00	18	0	0	1	18	62476277	62476294	0.084	36.2
SMASTR_5_F	NC_000015.10	100.00	15	0	0	2	16	93065934	93065920	5.2	30.2
SMASTR_5_F	NC_000014.9	100.00	15	0	0	1	15	32389219	32389233	5.2	30.2
SMASTR_5_F	NC_000004.12	100.00	15	0	0	1	15	168950966	168950980	5.2	30.2
SMASTR_5_F	NC_000002.12	100.00	15	0	0	1	15	199642554	199642568	5.2	30.2
# BLASTN 2.2.31+
# Query: SMASTR_6_F
# Database: ../BlastDB/human_genome.db
# Fields: query id, subject id, % identity, alignment length, mismatches, gap opens, q. start, q. end, s. start, s. end, evalue, bit score
# 14 hits found
SMASTR_6_F	NC_000003.12	100.00	24	0	0	1	24	114246775	114246798	8e-05	48.1
SMASTR_6_F	NC_000003.12	100.00	17	0	0	5	21	1486299	1486283	1.2	34.2
SMASTR_6_F	NC_000003.12	100.00	16	0	0	8	23	129132925	129132910	4.6	32.2
SMASTR_6_F	NC_000021.9	95.00	20	1	0	4	23	13463408	13463427	4.6	32.2
SMASTR_6_F	NC_000017.11	91.67	24	2	0	1	24	39555708	39555731	4.6	32.2
SMASTR_6_F	NC_000016.10	100.00	16	0	0	7	22	18000889	18000874	4.6	32.2
SMASTR_6_F	NT_187377.1	95.00	20	1	0	5	24	137630	137611	4.6	32.2
SMASTR_6_F	NC_000012.12	100.00	16	0	0	8	23	56856255	56856240	4.6	32.2
SMASTR_6_F	NC_000010.11	100.00	16	0	0	9	24	28534210	28534225	4.6	32.2
SMASTR_6_F	NC_000010.11	95.00	20	1	0	5	24	89473118	89473099	4.6	32.2
SMASTR_6_F	NC_000008.11	95.00	20	1	0	4	23	105815267	105815248	4.6	32.2
SMASTR_6_F	NC_000006.12	100.00	16	0	0	8	23	58181298	58181283	4.6	32.2
SMASTR_6_F	NC_000006.12	100.00	16	0	0	8	23	60935613	60935598	4.6	32.2
SMASTR_6_F	NC_000001.11	100.00	16	0	0	1	16	110520163	110520148	4.6	32.2
# BLASTN 2.2.31+
# Query: SMASTR_7_F
# Database: ../BlastDB/human_genome.db
# Fields: query id, subject id, % identity, alignment length, mismatches, gap opens, q. start, q. end, s. start, s. end, evalue, bit score
# 7 hits found
SMASTR_7_F	NC_000014.9	100.00	19	0	0	1	19	104298191	104298209	0.021	38.2
SMASTR_7_F	NC_000002.12	100.00	16	0	0	1	16	108971422	108971407	1.3	32.2
SMASTR_7_F	NC_000019.10	100.00	15	0	0	5	19	50258845	50258831	5.2	30.2
SMASTR_7_F	NC_000019.10	100.00	15	0	0	5	19	51879820	51879806	5.2	30.2
SMASTR_7_F	NC_000007.14	94.74	19	1	0	1	19	149637869	149637851	5.2	30.2
SMASTR_7_F	NC_000005.10	100.00	15	0	0	3	17	10323885	10323871	5.2	30.2
SMASTR_7_F	NC_000005.10	100.00	15	0	0	5	19	142976923	142976937	5.2	30.2
# BLASTN 2.2.31+
# Query: SMASTR_8_F
# Database: ../BlastDB/human_genome.db
# Fields: query id, subject id, % identity, alignment length, mismatches, gap opens, q. start, q. end, s. start, s. end, evalue, bit score
# 80 hits found
SMASTR_8_F	NC_000019.10	100.00	20	0	0	1	20	8719823	8719842	0.008	40.1
SMASTR_8_F	NC_000019.10	100.00	15	0	0	3	17	49798018	49798004	7.7	30.2
SMASTR_8_F	NC_000016.10	100.00	17	0	0	1	17	20240357	20240373	0.50	34.2
SMASTR_8_F	NC_000016.10	100.00	16	0	0	4	19	60110822	60110837	2.0	32.2
SMASTR_8_F	NC_000016.10	100.00	15	0	0	5	19	10031289	10031275	7.7	30.2
SMASTR_8_F	NC_000016.10	100.00	15	0	0	2	16	65981345	65981359	7.7	30.2
SMASTR_8_F	NC_000011.10	100.00	17	0	0	3	19	58677426	58677442	0.50	34.2
SMASTR_8_F	NC_000011.10	100.00	16	0	0	1	16	2881166	2881151	2.0	32.2
SMASTR_8_F	NC_000011.10	100.00	15	0	0	6	20	41287468	41287482	7.7	30.2
SMASTR_8_F	NC_000011.10	100.00	15	0	0	6	20	100242210	100242196	7.7	30.2
SMASTR_8_F	NC_000011.10	100.00	15	0	0	6	20	105159439	105159425	7.7	30.2
SMASTR_8_F	NC_000008.11	100.00	17	0	0	1	17	141525947	141525963	0.50	34.2
SMASTR_8_F	NC_000008.11	100.00	16	0	0	4	19	133401426	133401411	2.0	32.2
SMASTR_8_F	NC_000008.11	100.00	15	0	0	1	15	23212164	23212150	7.7	30.2
SMASTR_8_F	NC_000007.14	100.00	17	0	0	3	19	3488148	3488132	0.50	34.2
SMASTR_8_F	NC_000007.14	100.00	16	0	0	2	17	17602572	17602557	2.0	32.2
SMASTR_8_F	NC_000007.14	100.00	16	0	0	3	18	114146751	114146736	2.0	32.2
SMASTR_8_F	NC_000007.14	100.00	16	0	0	4	19	146769202	146769187	2.0	32.2
SMASTR_8_F	NC_000007.14	100.00	15	0	0	6	20	41244066	41244080	7.7	30.2
SMASTR_8_F	NC_000003.12	100.00	17	0	0	1	17	20790758	20790742	0.50	34.2
SMASTR_8_F	NC_000003.12	100.00	17	0	0	1	17	22268225	22268241	0.50	34.2
SMASTR_8_F	NC_000003.12	100.00	16	0	0	5	20	106808886	106808901	2.0	32.2
SMASTR_8_F	NC_000003.12	95.00	20	1	0	1	20	140005848	140005867	2.0	32.2
SMASTR_8_F	NC_000003.12	100.00	16	0	0	3	18	194790211	194790196	2.0	32.2
SMASTR_8_F	NC_000003.12	100.00	15	0	0	5	19	60992568	60992582	7.7	30.2
SMASTR_8_F	NC_000002.12	100.00	17	0	0	2	18	4008226	4008210	0.50	34.2
SMASTR_8_F	NC_000002.12	100.00	16	0	0	2	17	99218400	99218415	2.0	32.2
SMASTR_8_F	NC_000002.12	100.00	15	0	0	6	20	17643595	17643609	7.7	30.2
SMASTR_8_F	NC_000002.12	100.00	15	0	0	3	17	123839981	123839967	7.7	30.2
SMASTR_8_F	NC_000002.12	100.00	15	0	0	2	16	137042974	137042960	7.7	30.2
SMASTR_8_F	NC_000002.12	100.00	15	0	0	5	19	198709087	198709073	7.7	30.2
SMASTR_8_F	NC_000002.12	100.00	15	0	0	1	15	221421591	221421605	7.7	30.2
SMASTR_8_F	NT_187585.1	100.00	16	0	0	1	16	113346	113331	2.0	32.2
SMASTR_8_F	NC_000023.11	100.00	16	0	0	4	19	127005150	127005135	2.0	32.2
SMASTR_8_F	NC_000023.11	100.00	15	0	0	6	20	77001296	77001282	7.7	30.2
SMASTR_8_F	NC_000020.11	100.00	16	0	0	5	20	51216275	51216290	2.0	32.2
SMASTR_8_F	NC_000020.11	100.00	15	0	0	6	20	17479092	17479106	7.7	30.2
SMASTR_8_F	NC_000020.11	100.00	15	0	0	5	19	45300804	45300818	7.7	30.2
SMASTR_8_F	NC_000015.10	100.00	16	0	0	2	17	34434368	34434383	2.0	32.2
SMASTR_8_F	NC_000015.10	100.00	16	0	0	2	17	34580453	34580468	2.0	32.2
SMASTR_8_F	NC_000015.10	100.00	15	0	0	6	20	25790053	25790067	7.7	30.2
SMASTR_8_F	NC_000015.10	100.00	15	0	0	6	20	93584128	93584114	7.7	30.2
SMASTR_8_F	NC_000012.12	100.00	16	0	0	4	19	87964349	87964334	2.0	32.2
SMASTR_8_F	NC_000012.12	100.00	15	0	0	6	20	20747466	20747480	7.7	30.2
SMASTR_8_F	NC_000012.12	100.00	15	0	0	3	17	47622262	47622248	7.7	30.2
SMASTR_8_F	NC_000012.12	100.00	15	0	0	6	20	60363916	60363902	7.7	30.2
SMASTR_8_F	NC_000012.12	100.00	15	0	0	6	20	79184584	79184570	7.7	30.2
SMASTR_8_F	NC_000012.12	100.00	15	0	0	4	18	106725091	106725077	7.7	30.2
SMASTR_8_F	NC_000009.12	100.00	16	0	0	3	18	82740096	82740081	2.0	32.2
SMASTR_8_F	NC_000005.10	100.00	16	0	0	3	18	150271141	150271156	2.0	32.2
SMASTR_8_F	NC_000005.10	100.00	15	0	0	3	17	60360473	60360487	7.7	30.2
SMASTR_8_F	NC_000005.10	100.00	15	0	0	5	19	129873483	129873469	7.7	30.2
SMASTR_8_F	NC_000005.10	100.00	15	0	0	4	18	166500157	166500143	7.7	30.2
SMASTR_8_F	NC_000001.11	95.00	20	1	0	1	20	20231760	20231779	2.0	32.2
SMASTR_8_F	NC_000001.11	100.00	16	0	0	4	19	195166738	195166753	2.0	32.2
SMASTR_8_F	NC_000001.11	100.00	15	0	0	6	20	174216583	174216569	7.7	30.2
SMASTR_8_F	NC_000001.11	100.00	15	0	0	1	15	192580886	192580900	7.7	30.2
SMASTR_8_F	NC_000022.11	100.00	15	0	0	2	16	19559763	19559749	7.7	30.2
SMASTR_8_F	NC_000022.11	100.00	15	0	0	1	15	48182397	48182383	7.7	30.2
SMASTR_8_F	NC_000021.9	100.00	15	0	0	1	15	15979399	15979385	7.7	30.2
SMASTR_8_F	NC_000018.10	100.00	15	0	0	2	16	28110480	28110494	7.7	30.2
SMASTR_8_F	NC_000018.10	100.00	15	0	0	6	20	52919163	52919177	7.7	30.2
SMASTR_8_F	NC_000017.11	100.00	15	0	0	5	19	34734341	34734355	7.7	30.2
SMASTR_8_F	NC_000017.11	100.00	15	0	0	2	16	50576602	50576616	7.7	30.2
SMASTR_8_F	NC_000013.11	100.00	15	0	0	5	19	20170938	20170924	7.7	30.2
SMASTR_8_F	NC_000013.11	100.00	15	0	0	6	20	21341693	21341707	7.7	30.2
SMASTR_8_F	NC_000013.11	100.00	15	0	0	4	18	22677162	22677148	7.7	30.2
SMASTR_8_F	NC_000013.11	100.00	15	0	0	5	19	48292532	48292518	7.7	30.2
SMASTR_8_F	NC_000013.11	100.00	15	0	0	3	17	69896170	69896184	7.7	30.2
SMASTR_8_F	NC_000013.11	100.00	15	0	0	6	20	109485205	109485191	7.7	30.2
SMASTR_8_F	NC_000010.11	100.00	15	0	0	4	18	11352238	11352224	7.7	30.2
SMASTR_8_F	NC_000010.11	100.00	15	0	0	3	17	87561696	87561710	7.7	30.2
SMASTR_8_F	NC_000006.12	100.00	15	0	0	6	20	63677740	63677754	7.7	30.2
SMASTR_8_F	NC_000006.12	100.00	15	0	0	6	20	157427558	157427572	7.7	30.2
SMASTR_8_F	NC_000006.12	100.00	15	0	0	3	17	160189026	160189040	7.7	30.2
SMASTR_8_F	NC_000004.12	94.74	19	1	0	1	19	21922358	21922340	7.7	30.2
SMASTR_8_F	NC_000004.12	100.00	15	0	0	2	16	44770188	44770174	7.7	30.2
SMASTR_8_F	NC_000004.12	100.00	15	0	0	4	18	73440852	73440866	7.7	30.2
SMASTR_8_F	NC_000004.12	100.00	15	0	0	5	19	129902880	129902894	7.7	30.2
SMASTR_8_F	NC_000004.12	100.00	15	0	0	3	17	130851513	130851499	7.7	30.2
# BLASTN 2.2.31+
# Query: SMASTR_9_F
# Database: ../BlastDB/human_genome.db
# Fields: query id, subject id, % identity, alignment length, mismatches, gap opens, q. start, q. end, s. start, s. end, evalue, bit score
# 104 hits found
SMASTR_9_F	NC_000005.10	100.00	21	0	0	1	21	44687767	44687787	0.003	42.1
SMASTR_9_F	NC_000005.10	100.00	16	0	0	1	16	14398452	14398467	2.6	32.2
SMASTR_9_F	NC_000005.10	100.00	16	0	0	3	18	37874721	37874736	2.6	32.2
SMASTR_9_F	NC_000005.10	100.00	16	0	0	2	17	76153404	76153389	2.6	32.2
SMASTR_9_F	NC_000005.10	100.00	16	0	0	6	21	138316235	138316220	2.6	32.2
SMASTR_9_F	NC_000023.11	100.00	17	0	0	1	17	51095138	51095122	0.66	34.2
SMASTR_9_F	NC_000023.11	100.00	16	0	0	2	17	106502372	106502387	2.6	32.2
SMASTR_9_F	NC_000023.11	100.00	16	0	0	6	21	107567539	107567554	2.6	32.2
SMASTR_9_F	NC_000021.9	95.24	21	1	0	1	21	36321744	36321724	0.66	34.2
SMASTR_9_F	NC_000020.11	100.00	17	0	0	1	17	11307632	11307648	0.66	34.2
SMASTR_9_F	NC_000020.11	100.00	17	0	0	4	20	38336806	38336822	0.66	34.2
SMASTR_9_F	NC_000020.11	100.00	16	0	0	1	16	16779087	16779102	2.6	32.2
SMASTR_9_F	NC_000020.11	100.00	16	0	0	5	20	29301537	29301552	2.6	32.2
SMASTR_9_F	NC_000018.10	100.00	17	0	0	3	19	37366885	37366869	0.66	34.2
SMASTR_9_F	NC_000018.10	100.00	16	0	0	2	17	40616862	40616877	2.6	32.2
SMASTR_9_F	NC_000018.10	100.00	16	0	0	1	16	64914033	64914018	2.6	32.2
SMASTR_9_F	NC_000018.10	100.00	16	0	0	2	17	73975362	73975377	2.6	32.2
SMASTR_9_F	NC_000016.10	100.00	17	0	0	3	19	12994271	12994287	0.66	34.2
SMASTR_9_F	NC_000016.10	100.00	17	0	0	1	17	82145952	82145968	0.66	34.2
SMASTR_9_F	NC_000016.10	95.00	20	1	0	1	20	3914833	3914814	2.6	32.2
SMASTR_9_F	NC_000016.10	100.00	16	0	0	3	18	14502837	14502822	2.6	32.2
SMASTR_9_F	NC_000016.10	100.00	16	0	0	1	16	87540786	87540801	2.6	32.2
SMASTR_9_F	NC_000015.10	100.00	17	0	0	5	21	88684968	88684984	0.66	34.2
SMASTR_9_F	NC_000015.10	100.00	16	0	0	3	18	34490883	34490898	2.6	32.2
SMASTR_9_F	NC_000015.10	100.00	16	0	0	1	16	63870060	63870075	2.6	32.2
SMASTR_9_F	NC_000015.10	100.00	16	0	0	2	17	80591760	80591745	2.6	32.2
SMASTR_9_F	NC_000014.9	100.00	17	0	0	1	17	38942236	38942220	0.66	34.2
SMASTR_9_F	NC_000014.9	100.00	17	0	0	1	17	102824446	102824430	0.66	34.2
SMASTR_9_F	NC_000014.9	100.00	16	0	0	2	17	71716424	71716409	2.6	32.2
SMASTR_9_F	NC_000014.9	100.00	16	0	0	2	17	93703210	93703195	2.6	32.2
SMASTR_9_F	NC_000012.12	100.00	17	0	0	3	19	15968967	15968951	0.66	34.2
SMASTR_9_F	NC_000012.12	100.00	16	0	0	3	18	71293616	71293631	2.6	32.2
SMASTR_9_F	NC_000011.10	100.00	17	0	0	1	17	57993637	57993621	0.66	34.2
SMASTR_9_F	NC_000011.10	100.00	16	0	0	2	17	30921983	30921998	2.6	32.2
SMASTR_9_F	NC_000011.10	100.00	16	0	0	1	16	34606200	34606215	2.6	32.2
SMASTR_9_F	NC_000011.10	100.00	16	0	0	6	21	35262467	35262452	2.6	32.2
SMASTR_9_F	NC_000011.10	100.00	16	0	0	1	16	43908215	43908230	2.6	32.2
SMASTR_9_F	NC_000011.10	100.00	16	0	0	3	18	63855779	63855794	2.6	32.2
SMASTR_9_F	NC_000011.10	95.00	20	1	0	2	21	91944521	91944540	2.6	32.2
SMASTR_9_F	NC_000009.12	100.00	17	0	0	1	17	127468209	127468225	0.66	34.2
SMASTR_9_F	NC_000009.12	100.00	16	0	0	3	18	37994263	37994248	2.6	32.2
SMASTR_9_F	NC_000009.12	100.00	16	0	0	3	18	89643738	89643723	2.6	32.2
SMASTR_9_F	NC_000009.12	100.00	16	0	0	2	17	97803273	97803288	2.6	32.2
SMASTR_9_F	NC_000009.12	100.00	16	0	0	5	20	113447782	113447767	2.6	32.2
SMASTR_9_F	NC_000008.11	100.00	17	0	0	1	17	50308360	50308344	0.66	34.2
SMASTR_9_F	NC_000008.11	100.00	17	0	0	3	19	127198784	127198800	0.66	34.2
SMASTR_9_F	NC_000008.11	100.00	17	0	0	1	17	132282962	132282978	0.66	34.2
SMASTR_9_F	NC_000008.11	100.00	17	0	0	5	21	133812516	133812500	0.66	34.2
SMASTR_9_F	NC_000008.11	100.00	17	0	0	4	20	143340541	143340525	0.66	34.2
SMASTR_9_F	NC_000008.11	100.00	16	0	0	6	21	22365429	22365444	2.6	32.2
SMASTR_9_F	NC_000008.11	100.00	16	0	0	2	17	27403087	27403072	2.6	32.2
SMASTR_9_F	NC_000008.11	100.00	16	0	0	4	19	111746243	111746228	2.6	32.2
SMASTR_9_F	NC_000008.11	100.00	16	0	0	5	20	117569739	117569754	2.6	32.2
SMASTR_9_F	NC_000006.12	100.00	17	0	0	1	17	120068079	120068095	0.66	34.2
SMASTR_9_F	NC_000006.12	100.00	17	0	0	1	17	136986334	136986318	0.66	34.2
SMASTR_9_F	NC_000006.12	100.00	17	0	0	1	17	144225213	144225229	0.66	34.2
SMASTR_9_F	NC_000006.12	100.00	16	0	0	1	16	13811142	13811127	2.6	32.2
SMASTR_9_F	NC_000006.12	100.00	16	0	0	5	20	60785946	60785931	2.6	32.2
SMASTR_9_F	NC_000006.12	100.00	16	0	0	2	17	94899089	94899104	2.6	32.2
SMASTR_9_F	NC_000006.12	100.00	16	0	0	5	20	124610545	124610530	2.6	32.2
SMASTR_9_F	NC_000004.12	100.00	17	0	0	1	17	76572011	76571995	0.66	34.2
SMASTR_9_F	NC_000004.12	100.00	16	0	0	1	16	30485756	30485771	2.6	32.2
SMASTR_9_F	NC_000004.12	100.00	16	0	0	3	18	171887427	171887442	2.6	32.2
SMASTR_9_F	NC_000002.12	100.00	17	0	0	1	17	105272798	105272782	0.66	34.2
SMASTR_9_F	NC_000002.12	100.00	17	0	0	3	19	216269753	216269769	0.66	34.2
SMASTR_9_F	NC_000002.12	100.00	16	0	0	1	16	41736086	41736101	2.6	32.2
SMASTR_9_F	NC_000002.12	100.00	16	0	0	2	17	47243855	47243840	2.6	32.2
SMASTR_9_F	NC_000002.12	100.00	16	0	0	4	19	55723831	55723846	2.6	32.2
SMASTR_9_F	NC_000002.12	100.00	16	0	0	2	17	213247870	213247885	2.6	32.2
SMASTR_9_F	NC_000002.12	100.00	16	0	0	4	19	230138005	230137990	2.6	32.2
SMASTR_9_F	NC_000002.12	100.00	16	0	0	5	20	237419977	237419992	2.6	32.2
SMASTR_9_F	NC_000002.12	100.00	16	0	0	2	17	240889582	240889597	2.6	32.2
SMASTR_9_F	NT_187607.1	100.00	16	0	0	3	18	75694	75679	2.6	32.2
SMASTR_9_F	NT_187601.1	100.00	16	0	0	2	17	817772	817757	2.6	32.2
SMASTR_9_F	NC_000017.11	100.00	16	0	0	1	16	8207442	8207427	2.6	32.2
SMASTR_9_F	NC_000017.11	100.00	16	0	0	2	17	28505230	28505245	2.6	32.2
SMASTR_9_F	NC_000017.11	100.00	16	0	0	6	21	47846952	47846937	2.6	32.2
SMASTR_9_F	NC_000013.11	100.00	16	0	0	1	16	67967726	67967741	2.6	32.2
SMASTR_9_F	NC_000013.11	100.00	16	0	0	3	18	92671894	92671909	2.6	32.2
SMASTR_9_F	NC_000013.11	100.00	16	0	0	3	18	98317101	98317086	2.6	32.2
SMASTR_9_F	NC_000013.11	100.00	16	0	0	1	16	105278866	105278881	2.6	32.2
SMASTR_9_F	NC_000013.11	100.00	16	0	0	3	18	110979710	110979725	2.6	32.2
SMASTR_9_F	NC_000010.11	100.00	16	0	0	2	17	477859	477874	2.6	32.2
SMASTR_9_F	NC_000010.11	100.00	16	0	0	5	20	56660645	56660660	2.6	32.2
SMASTR_9_F	NC_000007.14	100.00	16	0	0	2	17	3197736	3197721	2.6	32.2
SMASTR_9_F	NC_000007.14	100.00	16	0	0	4	19	4790112	4790097	2.6	32.2
SMASTR_9_F	NC_000007.14	100.00	16	0	0	2	17	47473323	47473308	2.6	32.2
SMASTR_9_F	NC_000007.14	100.00	16	0	0	6	21	48935872	48935887	2.6	32.2
SMASTR_9_F	NC_000007.14	100.00	16	0	0	5	20	63317707	63317692	2.6	32.2
SMASTR_9_F	NC_000007.14	100.00	16	0	0	5	20	63430495	63430510	2.6	32.2
SMASTR_9_F	NC_000007.14	100.00	16	0	0	4	19	71187487	71187472	2.6	32.2
SMASTR_9_F	NC_000007.14	100.00	16	0	0	3	18	138855135	138855150	2.6	32.2
SMASTR_9_F	NC_000007.14	100.00	16	0	0	6	21	151118870	151118855	2.6	32.2
SMASTR_9_F	NC_000003.12	100.00	16	0	0	1	16	2161395	2161410	2.6	32.2
SMASTR_9_F	NC_000003.12	100.00	16	0	0	1	16	9979101	9979086	2.6	32.2
SMASTR_9_F	NC_000003.12	95.00	20	1	0	1	20	23295000	23294981	2.6	32.2
SMASTR_9_F	NC_000003.12	100.00	16	0	0	2	17	54577905	54577920	2.6	32.2
SMASTR_9_F	NC_000003.12	100.00	16	0	0	6	21	113248957	113248972	2.6	32.2
SMASTR_9_F	NC_000001.11	100.00	16	0	0	2	17	21868933	21868948	2.6	32.2
SMASTR_9_F	NC_000001.11	100.00	16	0	0	2	17	29275436	29275421	2.6	32.2
SMASTR_9_F	NC_000001.11	100.00	16	0	0	2	17	58283234	58283249	2.6	32.2
SMASTR_9_F	NC_000001.11	100.00	16	0	0	2	17	64420300	64420285	2.6	32.2
SMASTR_9_F	NC_000001.11	100.00	16	0	0	2	17	206774382	206774397	2.6	32.2
SMASTR_9_F	NC_000001.11	100.00	16	0	0	1	16	214209666	214209681	2.6	32.2
# BLASTN 2.2.31+
# Query: SMASTR_10_F
# Database: ../BlastDB/human_genome.db
# Fields: query id, subject id, % identity, alignment length, mismatches, gap opens, q. start, q. end, s. start, s. end, evalue, bit score
# 4 hits found
SMASTR_10_F	NC_000003.12	100.00	17	0	0	1	17	176768590	176768606	0.33	34.2
SMASTR_10_F	NC_000003.12	100.00	15	0	0	2	16	128567104	128567118	5.2	30.2
SMASTR_10_F	NC_000009.12	100.00	16	0	0	1	16	126943837	126943852	1.3	32.2
SMASTR_10_F	NC_000015.10	100.00	15	0	0	3	17	85322045	85322059	5.2	30.2
# BLASTN 2.2.31+
# Query: SMASTR_1_R
# Database: ../BlastDB/human_genome.db
# Fields: query id, subject id, % identity, alignment length, mismatches, gap opens, q. start, q. end, s. start, s. end, evalue, bit score
# 150 hits found
SMASTR_1_R	NC_000011.10	100.00	30	0	0	1	30	82294235	82294206	3e-08	60.0
SMASTR_1_R	NC_000011.10	100.00	18	0	0	1	18	17323120	17323103	0.50	36.2
SMASTR_1_R	NC_000011.10	100.00	17	0	0	9	25	55489463	55489479	2.0	34.2
SMASTR_1_R	NC_000011.10	100.00	17	0	0	2	18	56973109	56973125	2.0	34.2
SMASTR_1_R	NC_000011.10	100.00	16	0	0	1	16	55624642	55624627	7.8	32.2
SMASTR_1_R	NC_000023.11	100.00	19	0	0	1	19	55420342	55420360	0.13	38.2
SMASTR_1_R	NC_000023.11	100.00	19	0	0	1	19	94298757	94298739	0.13	38.2
SMASTR_1_R	NC_000023.11	100.00	18	0	0	1	18	57352584	57352601	0.50	36.2
SMASTR_1_R	NC_000023.11	100.00	18	0	0	1	18	121059643	121059626	0.50	36.2
SMASTR_1_R	NC_000023.11	100.00	18	0	0	1	18	128387910	128387927	0.50	36.2
SMASTR_1_R	NC_000023.11	100.00	18	0	0	1	18	143149860	143149877	0.50	36.2
SMASTR_1_R	NC_000023.11	100.00	16	0	0	3	18	35267069	35267054	7.8	32.2
SMASTR_1_R	NC_000023.11	100.00	16	0	0	4	19	43430138	43430123	7.8	32.2
SMASTR_1_R	NC_000023.11	100.00	16	0	0	4	19	75726081	75726096	7.8	32.2
SMASTR_1_R	NC_000023.11	100.00	16	0	0	6	21	76496752	76496767	7.8	32.2
SMASTR_1_R	NC_000023.11	100.00	16	0	0	1	16	90003979	90003964	7.8	32.2
SMASTR_1_R	NC_000023.11	100.00	16	0	0	6	21	91172339	91172324	7.8	32.2
SMASTR_1_R	NC_000023.11	100.00	16	0	0	3	18	112136364	112136349	7.8	32.2
SMASTR_1_R	NC_000023.11	100.00	16	0	0	1	16	117022134	117022149	7.8	32.2
SMASTR_1_R	NC_000023.11	100.00	16	0	0	4	19	141978272	141978257	7.8	32.2
SMASTR_1_R	NC_000023.11	100.00	16	0	0	3	18	144815351	144815366	7.8	32.2
SMASTR_1_R	NC_000023.11	100.00	16	0	0	4	19	151898519	151898534	7.8	32.2
SMASTR_1_R	NC_000014.9	100.00	19	0	0	1	19	68003558	68003540	0.13	38.2
SMASTR_1_R	NC_000014.9	100.00	18	0	0	1	18	27879688	27879671	0.50	36.2
SMASTR_1_R	NC_000014.9	100.00	18	0	0	1	18	40539359	40539376	0.50	36.2
SMASTR_1_R	NC_000014.9	100.00	18	0	0	1	18	100508398	100508415	0.50	36.2
SMASTR_1_R	NC_000014.9	100.00	16	0	0	3	18	54017670	54017685	7.8	32.2
SMASTR_1_R	NC_000013.11	100.00	19	0	0	1	19	69257526	69257544	0.13	38.2
SMASTR_1_R	NC_000013.11	100.00	17	0	0	2	18	38570996	38571012	2.0	34.2
SMASTR_1_R	NC_000012.12	100.00	19	0	0	1	19	3384109	3384091	0.13	38.2
SMASTR_1_R	NC_000012.12	100.00	19	0	0	1	19	47434633	47434651	0.13	38.2
SMASTR_1_R	NC_000012.12	100.00	17	0	0	2	18	15301663	15301679	2.0	34.2
SMASTR_1_R	NC_000012.12	100.00	16	0	0	1	16	79563719	79563734	7.8	32.2
SMASTR_1_R	NC_000012.12	100.00	16	0	0	1	16	101513804	101513789	7.8	32.2
SMASTR_1_R	NC_000008.11	100.00	19	0	0	1	19	119305498	119305516	0.13	38.2
SMASTR_1_R	NC_000008.11	100.00	18	0	0	1	18	52066634	52066617	0.50	36.2
SMASTR_1_R	NC_000008.11	100.00	18	0	0	1	18	64116573	64116590	0.50	36.2
SMASTR_1_R	NC_000008.11	100.00	18	0	0	1	18	115792533	115792550	0.50	36.2
SMASTR_1_R	NC_000008.11	100.00	17	0	0	2	18	31385237	31385253	2.0	34.2
SMASTR_1_R	NC_000008.11	95.24	21	1	0	1	21	64562833	64562813	2.0	34.2
SMASTR_1_R	NC_000008.11	100.00	16	0	0	1	16	43424612	43424597	7.8	32.2
SMASTR_1_R	NC_000005.10	100.00	19	0	0	1	19	53624859	53624841	0.13	38.2
SMASTR_1_R	NC_000005.10	100.00	19	0	0	1	19	56998620	56998638	0.13	38.2
SMASTR_1_R	NC_000005.10	100.00	18	0	0	1	18	17936879	17936896	0.50	36.2
SMASTR_1_R	NC_000005.10	100.00	18	0	0	1	18	30281059	30281042	0.50	36.2
SMASTR_1_R	NC_000005.10	100.00	18	0	0	1	18	86379274	86379291	0.50	36.2
SMASTR_1_R	NC_000005.10	100.00	18	0	0	1	18	89925945	89925962	0.50	36.2
SMASTR_1_R	NC_000005.10	100.00	18	0	0	1	18	94351041	94351058	0.50	36.2
SMASTR_1_R	NC_000005.10	100.00	18	0	0	1	18	136592026	136592009	0.50	36.2
SMASTR_1_R	NC_000005.10	100.00	18	0	0	1	18	147284382	147284399	0.50	36.2
SMASTR_1_R	NC_000005.10	100.00	18	0	0	1	18	148264605	148264622	0.50	36.2
SMASTR_1_R	NC_000005.10	100.00	16	0	0	6	21	21379858	21379873	7.8	32.2
SMASTR_1_R	NC_000005.10	100.00	16	0	0	6	21	34208218	34208203	7.8	32.2
SMASTR_1_R	NC_000005.10	100.00	16	0	0	3	18	64627171	64627186	7.8	32.2
SMASTR_1_R	NC_000005.10	100.00	16	0	0	6	21	69669031	69669016	7.8	32.2
SMASTR_1_R	NC_000005.10	100.00	16	0	0	6	21	70248772	70248757	7.8	32.2
SMASTR_1_R	NC_000005.10	100.00	16	0	0	6	21	70545136	70545121	7.8	32.2
SMASTR_1_R	NC_000005.10	100.00	16	0	0	6	21	71249098	71249083	7.8	32.2
SMASTR_1_R	NC_000005.10	100.00	16	0	0	1	16	80336496	80336481	7.8	32.2
SMASTR_1_R	NC_000005.10	100.00	16	0	0	6	21	105749307	105749292	7.8	32.2
SMASTR_1_R	NC_000005.10	100.00	16	0	0	1	16	114890312	114890297	7.8	32.2
SMASTR_1_R	NC_000005.10	100.00	16	0	0	1	16	121714796	121714811	7.8	32.2
SMASTR_1_R	NC_000002.12	100.00	19	0	0	1	19	98204297	98204279	0.13	38.2
SMASTR_1_R	NC_000002.12	100.00	19	0	0	1	19	180664807	180664825	0.13	38.2
SMASTR_1_R	NC_000002.12	100.00	18	0	0	1	18	29862246	29862263	0.50	36.2
SMASTR_1_R	NC_000002.12	100.00	18	0	0	1	18	103415952	103415969	0.50	36.2
SMASTR_1_R	NC_000002.12	100.00	18	0	0	1	18	158149407	158149424	0.50	36.2
SMASTR_1_R	NC_000002.12	95.24	21	1	0	1	21	29634741	29634761	2.0	34.2
SMASTR_1_R	NC_000002.12	92.00	25	2	0	6	30	210414204	210414180	2.0	34.2
SMASTR_1_R	NC_000002.12	100.00	16	0	0	15	30	38771976	38771991	7.8	32.2
SMASTR_1_R	NC_000002.12	100.00	16	0	0	6	21	100635690	100635675	7.8	32.2
SMASTR_1_R	NC_000002.12	100.00	16	0	0	1	16	108887907	108887892	7.8	32.2
SMASTR_1_R	NC_000002.12	100.00	16	0	0	1	16	119411435	119411420	7.8	32.2
SMASTR_1_R	NC_000002.12	100.00	16	0	0	1	16	214918174	214918189	7.8	32.2
SMASTR_1_R	NC_000024.10	100.00	18	0	0	1	18	13677951	13677968	0.50	36.2
SMASTR_1_R	NC_000024.10	92.00	25	2	0	5	29	21224880	21224856	2.0	34.2
SMASTR_1_R	NC_000024.10	100.00	16	0	0	1	16	3661588	3661573	7.8	32.2
SMASTR_1_R	NC_000024.10	100.00	16	0	0	6	21	4636102	4636087	7.8	32.2
SMASTR_1_R	NC_000020.11	100.00	18	0	0	1	18	55236608	55236591	0.50	36.2
SMASTR_1_R	NC_000020.11	100.00	16	0	0	1	16	180929	180914	7.8	32.2
SMASTR_1_R	NC_000020.11	100.00	16	0	0	15	30	18704576	18704591	7.8	32.2
SMASTR_1_R	NC_000020.11	100.00	16	0	0	1	16	29356534	29356549	7.8	32.2
SMASTR_1_R	NC_000020.11	100.00	16	0	0	1	16	30861852	30861837	7.8	32.2
SMASTR_1_R	NC_000018.10	100.00	18	0	0	1	18	67681633	67681650	0.50	36.2
SMASTR_1_R	NC_000018.10	100.00	18	0	0	1	18	71331660	71331677	0.50	36.2
SMASTR_1_R	NC_000018.10	100.00	16	0	0	6	21	44333361	44333346	7.8	32.2
SMASTR_1_R	NC_000015.10	100.00	18	0	0	1	18	56995830	56995813	0.50	36.2
SMASTR_1_R	NC_000015.10	100.00	18	0	0	1	18	71418297	71418280	0.50	36.2
SMASTR_1_R	NC_000015.10	100.00	17	0	0	1	17	81976968	81976984	2.0	34.2
SMASTR_1_R	NC_000010.11	100.00	18	0	0	1	18	76709927	76709944	0.50	36.2
SMASTR_1_R	NC_000010.11	92.00	25	2	0	6	30	32521734	32521710	2.0	34.2
SMASTR_1_R	NC_000010.11	92.00	25	2	0	6	30	127725395	127725419	2.0	34.2
SMASTR_1_R	NC_000010.11	100.00	16	0	0	1	16	52832308	52832323	7.8	32.2
SMASTR_1_R	NC_000010.11	100.00	16	0	0	5	20	56112558	56112573	7.8	32.2
SMASTR_1_R	NC_000010.11	100.00	16	0	0	4	19	116355194	116355179	7.8	32.2
SMASTR_1_R	NC_000010.11	100.00	16	0	0	6	21	122892096	122892111	7.8	32.2
SMASTR_1_R	NC_000009.12	100.00	18	0	0	1	18	5366723	5366740	0.50	36.2
SMASTR_1_R	NC_000009.12	100.00	18	0	0	1	18	11154642	11154625	0.50	36.2
SMASTR_1_R	NC_000009.12	100.00	16	0	0	1	16	104664951	104664966	7.8	32.2
SMASTR_1_R	NC_000007.14	100.00	18	0	0	1	18	48370432	48370415	0.50	36.2
SMASTR_1_R	NC_000007.14	100.00	17	0	0	3	19	150783843	150783859	2.0	34.2
SMASTR_1_R	NC_000007.14	100.00	16	0	0	3	18	7034136	7034121	7.8	32.2
SMASTR_1_R	NC_000007.14	100.00	16	0	0	12	27	17398793	17398808	7.8	32.2
SMASTR_1_R	NC_000007.14	95.00	20	1	0	10	29	38967862	38967843	7.8	32.2
SMASTR_1_R	NC_000007.14	100.00	16	0	0	7	22	64352227	64352242	7.8	32.2
SMASTR_1_R	NC_000007.14	100.00	16	0	0	6	21	108689829	108689814	7.8	32.2
SMASTR_1_R	NC_000007.14	100.00	16	0	0	1	16	156477002	156477017	7.8	32.2
SMASTR_1_R	NC_000006.12	100.00	18	0	0	1	18	94421352	94421335	0.50	36.2
SMASTR_1_R	NC_000006.12	95.24	21	1	0	1	21	68295019	68295039	2.0	34.2
SMASTR_1_R	NC_000006.12	100.00	17	0	0	2	18	164126950	164126934	2.0	34.2
SMASTR_1_R	NC_000006.12	100.00	16	0	0	1	16	22165808	22165793	7.8	32.2
SMASTR_1_R	NC_000006.12	100.00	16	0	0	6	21	26914996	26914981	7.8	32.2
SMASTR_1_R	NC_000006.12	100.00	16	0	0	6	21	29062942	29062927	7.8	32.2
SMASTR_1_R	NC_000006.12	100.00	16	0	0	6	21	74298277	74298292	7.8	32.2
SMASTR_1_R	NC_000006.12	100.00	16	0	0	1	16	78949024	78949009	7.8	32.2
SMASTR_1_R	NC_000004.12	100.00	18	0	0	1	18	36827836	36827853	0.50	36.2
SMASTR_1_R	NC_000004.12	100.00	18	0	0	1	18	37144251	37144234	0.50	36.2
SMASTR_1_R	NC_000004.12	100.00	18	0	0	1	18	104245505	104245488	0.50	36.2
SMASTR_1_R	NC_000004.12	100.00	17	0	0	2	18	98005427	98005411	2.0	34.2
SMASTR_1_R	NC_000004.12	100.00	17	0	0	1	17	159472409	159472425	2.0	34.2
SMASTR_1_R	NC_000004.12	100.00	16	0	0	4	19	67707386	67707371	7.8	32.2
SMASTR_1_R	NC_000004.12	100.00	16	0	0	1	16	97485180	97485195	7.8	32.2
SMASTR_1_R	NC_000003.12	100.00	18	0	0	1	18	20728208	20728191	0.50	36.2
SMASTR_1_R	NC_000003.12	100.00	18	0	0	1	18	28158702	28158719	0.50	36.2
SMASTR_1_R	NC_000003.12	100.00	18	0	0	1	18	84481229	84481246	0.50	36.2
SMASTR_1_R	NC_000003.12	100.00	18	0	0	1	18	111643453	111643470	0.50	36.2
SMASTR_1_R	NC_000003.12	100.00	17	0	0	1	17	163386534	163386518	2.0	34.2
SMASTR_1_R	NC_000003.12	100.00	16	0	0	6	21	66308536	66308521	7.8	32.2
SMASTR_1_R	NC_000003.12	100.00	16	0	0	1	16	97333843	97333828	7.8	32.2
SMASTR_1_R	NC_000003.12	100.00	16	0	0	1	16	109556035	109556020	7.8	32.2
SMASTR_1_R	NC_000003.12	100.00	16	0	0	6	21	116334864	116334879	7.8	32.2
SMASTR_1_R	NC_000003.12	100.00	16	0	0	6	21	189435743	189435758	7.8	32.2
SMASTR_1_R	NC_000001.11	100.00	18	0	0	1	18	73209036	73209053	0.50	36.2
SMASTR_1_R	NC_000001.11	100.00	18	0	0	1	18	78218675	78218692	0.50	36.2
SMASTR_1_R	NC_000001.11	100.00	18	0	0	1	18	166497262	166497279	0.50	36.2
SMASTR_1_R	NC_000001.11	100.00	18	0	0	1	18	241571319	241571302	0.50	36.2
SMASTR_1_R	NC_000001.11	100.00	17	0	0	14	30	13694193	13694209	2.0	34.2
SMASTR_1_R	NC_000001.11	100.00	17	0	0	3	19	185613630	185613614	2.0	34.2
SMASTR_1_R	NC_000001.11	100.00	16	0	0	6	21	14381804	14381819	7.8	32.2
SMASTR_1_R	NC_000001.11	100.00	16	0	0	6	21	165978617	165978602	7.8	32.2
SMASTR_1_R	NT_187554.1	95.24	21	1	0	1	21	44968	44988	2.0	34.2
SMASTR_1_R	NT_167249.2	100.00	16	0	0	6	21	372303	372288	7.8	32.2
SMASTR_1_R	NT_167248.2	100.00	16	0	0	6	21	328522	328507	7.8	32.2
SMASTR_1_R	NT_167247.2	100.00	16	0	0	6	21	328685	328670	7.8	32.2
SMASTR_1_R	NT_167246.2	100.00	16	0	0	6	21	328500	328485	7.8	32.2
SMASTR_1_R	NT_167245.2	100.00	16	0	0	6	21	328544	328529	7.8	32.2
SMASTR_1_R	NT_113891.3	100.00	16	0	0	6	21	549417	549402	7.8	32.2
SMASTR_1_R	NW_003315917.2	100.00	16	0	0	6	21	671233	671218	7.8	32.2
SMASTR_1_R	NW_003315917.2	100.00	16	0	0	6	21	888610	888625	7.8	32.2
SMASTR_1_R	NW_012132916.1	100.00	16	0	0	6	21	285432	285417	7.8	32.2
# BLASTN 2.2.31+
# Query: SMASTR_2_R
# Database: ../BlastDB/human_genome.db
# Fields: query id, subject id, % identity, alignment length, mismatches, gap opens, q. start, q. end, s. start, s. end, evalue, bit score
# 30 hits found
SMASTR_2_R	NC_000015.10	100.00	24	0	0	1	24	88268270	88268247	8e-05	48.1
SMASTR_2_R	NC_000006.12	100.00	18	0	0	1	18	130312537	130312520	0.29	36.2
SMASTR_2_R	NC_000006.12	100.00	16	0	0	7	22	99976708	99976723	4.6	32.2
SMASTR_2_R	NC_000002.12	100.00	18	0	0	2	19	43149162	43149145	0.29	36.2
SMASTR_2_R	NC_000002.12	100.00	17	0	0	4	20	233712677	233712661	1.2	34.2
SMASTR_2_R	NC_000002.12	100.00	17	0	0	4	20	233728811	233728795	1.2	34.2
SMASTR_2_R	NC_000002.12	95.00	20	1	0	5	24	37332480	37332499	4.6	32.2
SMASTR_2_R	NC_000002.12	100.00	16	0	0	7	22	115506363	115506378	4.6	32.2
SMASTR_2_R	NC_000018.10	100.00	17	0	0	2	18	6720821	6720837	1.2	34.2
SMASTR_2_R	NC_000005.10	100.00	17	0	0	7	23	126485909	126485925	1.2	34.2
SMASTR_2_R	NC_000005.10	100.00	16	0	0	5	20	169046107	169046092	4.6	32.2
SMASTR_2_R	NC_000003.12	100.00	17	0	0	5	21	33035968	33035952	1.2	34.2
SMASTR_2_R	NC_000003.12	95.00	20	1	0	4	23	29266222	29266203	4.6	32.2
SMASTR_2_R	NC_000003.12	100.00	16	0	0	1	16	95036405	95036420	4.6	32.2
SMASTR_2_R	NC_000003.12	100.00	16	0	0	4	19	181115380	181115365	4.6	32.2
SMASTR_2_R	NC_000023.11	100.00	16	0	0	1	16	71208377	71208362	4.6	32.2
SMASTR_2_R	NC_000023.11	100.00	16	0	0	4	19	77098044	77098059	4.6	32.2
SMASTR_2_R	NC_000023.11	100.00	16	0	0	7	22	134148418	134148403	4.6	32.2
SMASTR_2_R	NC_000019.10	100.00	16	0	0	1	16	5838103	5838088	4.6	32.2
SMASTR_2_R	NC_000019.10	100.00	16	0	0	1	16	5872946	5872931	4.6	32.2
SMASTR_2_R	NC_000014.9	100.00	16	0	0	1	16	32381633	32381618	4.6	32.2
SMASTR_2_R	NC_000011.10	100.00	16	0	0	1	16	112319108	112319123	4.6	32.2
SMASTR_2_R	NC_000010.11	100.00	16	0	0	2	17	6114757	6114742	4.6	32.2
SMASTR_2_R	NC_000010.11	100.00	16	0	0	2	17	85382333	85382348	4.6	32.2
SMASTR_2_R	NC_000009.12	100.00	16	0	0	8	23	12003759	12003744	4.6	32.2
SMASTR_2_R	NC_000008.11	100.00	16	0	0	7	22	59932316	59932301	4.6	32.2
SMASTR_2_R	NC_000007.14	100.00	16	0	0	6	21	13333245	13333230	4.6	32.2
SMASTR_2_R	NC_000007.14	100.00	16	0	0	2	17	69435033	69435018	4.6	32.2
SMASTR_2_R	NC_000007.14	100.00	16	0	0	1	16	126546470	126546455	4.6	32.2
SMASTR_2_R	NC_000001.11	95.00	20	1	0	1	20	216228025	216228006	4.6	32.2
# BLASTN 2.2.31+
# Query: SMASTR_3_R
# Database: ../BlastDB/human_genome.db
# Fields: query id, subject id, % identity, alignment length, mismatches, gap opens, q. start, q. end, s. start, s. end, evalue, bit score
# 4 hits found
SMASTR_3_R	NC_000018.10	100.00	21	0	0	1	21	67774541	67774521	0.003	42.1
SMASTR_3_R	NC_000007.14	100.00	17	0	0	5	21	21666632	21666616	0.66	34.2
SMASTR_3_R	NC_000006.12	100.00	16	0	0	6	21	16891784	16891769	2.6	32.2
SMASTR_3_R	NC_000002.12	100.00	16	0	0	1	16	33194892	33194877	2.6	32.2
# BLASTN 2.2.31+
# Query: SMASTR_4_R
# Database: ../BlastDB/human_genome.db
# Fields: query id, subject id, % identity, alignment length, mismatches, gap opens, q. start, q. end, s. start, s. end, evalue, bit score
# 529 hits found
SMASTR_4_R	NC_000019.10	100.00	27	0	0	1	27	6777192	6777166	2e-06	54.0
SMASTR_4_R	NC_000019.10	100.00	19	0	0	4	22	2590473	2590455	0.095	38.2
SMASTR_4_R	NC_000019.10	100.00	18	0	0	2	19	1717454	1717471	0.38	36.2
SMASTR_4_R	NC_000019.10	95.45	22	1	0	6	27	7364171	7364192	0.38	36.2
SMASTR_4_R	NC_000019.10	100.00	18	0	0	2	19	31988501	31988484	0.38	36.2
SMASTR_4_R	NC_000019.10	100.00	17	0	0	4	20	816857	816841	1.5	34.2
SMASTR_4_R	NC_000019.10	100.00	17	0	0	4	20	2440712	2440696	1.5	34.2
SMASTR_4_R	NC_000019.10	100.00	17	0	0	9	25	3153992	3154008	1.5	34.2
SMASTR_4_R	NC_000019.10	100.00	17	0	0	9	25	3322368	3322384	1.5	34.2
SMASTR_4_R	NC_000019.10	95.24	21	1	0	4	24	6855515	6855495	1.5	34.2
SMASTR_4_R	NC_000019.10	100.00	17	0	0	4	20	10587905	10587889	1.5	34.2
SMASTR_4_R	NC_000019.10	100.00	17	0	0	4	20	10587961	10587945	1.5	34.2
SMASTR_4_R	NC_000019.10	100.00	17	0	0	2	18	15643223	15643239	1.5	34.2
SMASTR_4_R	NC_000019.10	100.00	17	0	0	4	20	48548436	48548452	1.5	34.2
SMASTR_4_R	NC_000019.10	100.00	16	0	0	4	19	2590629	2590614	5.9	32.2
SMASTR_4_R	NC_000019.10	95.00	20	1	0	3	22	3254775	3254756	5.9	32.2
SMASTR_4_R	NC_000019.10	100.00	16	0	0	4	19	5681867	5681852	5.9	32.2
SMASTR_4_R	NC_000019.10	100.00	16	0	0	4	19	7229246	7229261	5.9	32.2
SMASTR_4_R	NC_000019.10	95.00	20	1	0	6	25	7363966	7363985	5.9	32.2
SMASTR_4_R	NC_000019.10	91.67	24	2	0	2	25	28364198	28364221	5.9	32.2
SMASTR_4_R	NC_000019.10	100.00	16	0	0	4	19	30068713	30068698	5.9	32.2
SMASTR_4_R	NC_000019.10	91.67	24	2	0	4	27	30287406	30287429	5.9	32.2
SMASTR_4_R	NC_000019.10	100.00	16	0	0	4	19	30610010	30609995	5.9	32.2
SMASTR_4_R	NC_000019.10	100.00	16	0	0	4	19	49182000	49181985	5.9	32.2
SMASTR_4_R	NC_000019.10	100.00	16	0	0	4	19	51061081	51061066	5.9	32.2
SMASTR_4_R	NC_000016.10	100.00	26	0	0	1	26	6492001	6492026	6e-06	52.0
SMASTR_4_R	NC_000016.10	96.00	25	1	0	1	25	6365208	6365232	0.006	42.1
SMASTR_4_R	NC_000016.10	100.00	19	0	0	4	22	4227475	4227493	0.095	38.2
SMASTR_4_R	NC_000016.10	95.45	22	1	0	1	22	88271964	88271985	0.38	36.2
SMASTR_4_R	NC_000016.10	100.00	17	0	0	4	20	3551224	3551208	1.5	34.2
SMASTR_4_R	NC_000016.10	100.00	17	0	0	9	25	15800128	15800144	1.5	34.2
SMASTR_4_R	NC_000016.10	95.24	21	1	0	2	22	22980797	22980817	1.5	34.2
SMASTR_4_R	NC_000016.10	100.00	17	0	0	4	20	26375001	26375017	1.5	34.2
SMASTR_4_R	NC_000016.10	100.00	17	0	0	4	20	27790063	27790079	1.5	34.2
SMASTR_4_R	NC_000016.10	100.00	17	0	0	3	19	54965611	54965595	1.5	34.2
SMASTR_4_R	NC_000016.10	100.00	17	0	0	4	20	55269414	55269398	1.5	34.2
SMASTR_4_R	NC_000016.10	100.00	17	0	0	4	20	80716830	80716846	1.5	34.2
SMASTR_4_R	NC_000016.10	100.00	17	0	0	3	19	83921310	83921326	1.5	34.2
SMASTR_4_R	NC_000016.10	91.67	24	2	0	1	24	994225	994202	5.9	32.2
SMASTR_4_R	NC_000016.10	100.00	16	0	0	4	19	3073964	3073979	5.9	32.2
SMASTR_4_R	NC_000016.10	95.00	20	1	0	3	22	9949461	9949480	5.9	32.2
SMASTR_4_R	NC_000016.10	100.00	16	0	0	6	21	10106639	10106654	5.9	32.2
SMASTR_4_R	NC_000016.10	100.00	16	0	0	5	20	14494256	14494241	5.9	32.2
SMASTR_4_R	NC_000016.10	100.00	16	0	0	5	20	16532804	16532789	5.9	32.2
SMASTR_4_R	NC_000016.10	95.00	20	1	0	1	20	16767410	16767391	5.9	32.2
SMASTR_4_R	NC_000016.10	100.00	16	0	0	5	20	18179370	18179385	5.9	32.2
SMASTR_4_R	NC_000016.10	100.00	16	0	0	4	19	23897020	23897005	5.9	32.2
SMASTR_4_R	NC_000016.10	100.00	16	0	0	4	19	24833673	24833688	5.9	32.2
SMASTR_4_R	NC_000016.10	95.00	20	1	0	1	20	25873803	25873784	5.9	32.2
SMASTR_4_R	NC_000016.10	100.00	16	0	0	5	20	27789677	27789692	5.9	32.2
SMASTR_4_R	NC_000016.10	100.00	16	0	0	2	17	51354343	51354328	5.9	32.2
SMASTR_4_R	NC_000016.10	100.00	16	0	0	4	19	51354409	51354394	5.9	32.2
SMASTR_4_R	NC_000016.10	100.00	16	0	0	6	21	66423318	66423333	5.9	32.2
SMASTR_4_R	NC_000016.10	95.00	20	1	0	4	23	68972576	68972557	5.9	32.2
SMASTR_4_R	NC_000016.10	100.00	16	0	0	4	19	73178871	73178856	5.9	32.2
SMASTR_4_R	NC_000016.10	100.00	16	0	0	4	19	79825446	79825431	5.9	32.2
SMASTR_4_R	NC_000016.10	100.00	16	0	0	4	19	80687417	80687432	5.9	32.2
SMASTR_4_R	NC_000016.10	100.00	16	0	0	3	18	80716929	80716944	5.9	32.2
SMASTR_4_R	NC_000016.10	100.00	16	0	0	4	19	82885523	82885508	5.9	32.2
SMASTR_4_R	NC_000016.10	95.00	20	1	0	6	25	87558967	87558948	5.9	32.2
SMASTR_4_R	NC_000024.10	100.00	20	0	0	1	20	11906860	11906841	0.024	40.1
SMASTR_4_R	NC_000024.10	100.00	19	0	0	2	20	1219877	1219895	0.095	38.2
SMASTR_4_R	NC_000024.10	100.00	19	0	0	2	20	1220999	1221017	0.095	38.2
SMASTR_4_R	NC_000024.10	100.00	18	0	0	2	19	1218998	1219015	0.38	36.2
SMASTR_4_R	NC_000024.10	100.00	18	0	0	1	18	1226162	1226179	0.38	36.2
SMASTR_4_R	NC_000024.10	100.00	18	0	0	1	18	1406758	1406775	0.38	36.2
SMASTR_4_R	NC_000024.10	100.00	17	0	0	2	18	575631	575615	1.5	34.2
SMASTR_4_R	NC_000024.10	100.00	17	0	0	2	18	909605	909621	1.5	34.2
SMASTR_4_R	NC_000024.10	100.00	17	0	0	2	18	995631	995615	1.5	34.2
SMASTR_4_R	NC_000024.10	100.00	17	0	0	2	18	1219161	1219177	1.5	34.2
SMASTR_4_R	NC_000024.10	100.00	17	0	0	2	18	1219373	1219389	1.5	34.2
SMASTR_4_R	NC_000024.10	100.00	17	0	0	2	18	1219904	1219920	1.5	34.2
SMASTR_4_R	NC_000024.10	100.00	17	0	0	4	20	1315859	1315875	1.5	34.2
SMASTR_4_R	NC_000024.10	100.00	17	0	0	1	17	1725032	1725016	1.5	34.2
SMASTR_4_R	NC_000024.10	100.00	17	0	0	2	18	2669721	2669705	1.5	34.2
SMASTR_4_R	NC_000024.10	100.00	16	0	0	4	19	551055	551040	5.9	32.2
SMASTR_4_R	NC_000024.10	95.00	20	1	0	1	20	810723	810742	5.9	32.2
SMASTR_4_R	NC_000024.10	100.00	16	0	0	4	19	953728	953713	5.9	32.2
SMASTR_4_R	NC_000024.10	95.00	20	1	0	1	20	954249	954230	5.9	32.2
SMASTR_4_R	NC_000024.10	100.00	16	0	0	4	19	954338	954323	5.9	32.2
SMASTR_4_R	NC_000024.10	100.00	16	0	0	2	17	1220291	1220306	5.9	32.2
SMASTR_4_R	NC_000024.10	100.00	16	0	0	4	19	1226572	1226587	5.9	32.2
SMASTR_4_R	NC_000024.10	95.00	20	1	0	2	21	1406188	1406207	5.9	32.2
SMASTR_4_R	NC_000024.10	100.00	16	0	0	9	24	1473153	1473168	5.9	32.2
SMASTR_4_R	NC_000024.10	100.00	16	0	0	9	24	1473201	1473216	5.9	32.2
SMASTR_4_R	NC_000024.10	100.00	16	0	0	9	24	1473221	1473236	5.9	32.2
SMASTR_4_R	NC_000024.10	95.00	20	1	0	4	23	1527717	1527698	5.9	32.2
SMASTR_4_R	NC_000024.10	100.00	16	0	0	4	19	1577148	1577163	5.9	32.2
SMASTR_4_R	NC_000024.10	100.00	16	0	0	4	19	1577763	1577778	5.9	32.2
SMASTR_4_R	NC_000024.10	100.00	16	0	0	2	17	2184541	2184526	5.9	32.2
SMASTR_4_R	NC_000024.10	100.00	16	0	0	4	19	7224186	7224171	5.9	32.2
SMASTR_4_R	NC_000024.10	95.00	20	1	0	1	20	7425948	7425967	5.9	32.2
SMASTR_4_R	NC_000024.10	100.00	16	0	0	4	19	15161653	15161668	5.9	32.2
SMASTR_4_R	NC_000018.10	100.00	20	0	0	6	25	8998382	8998401	0.024	40.1
SMASTR_4_R	NC_000018.10	95.45	22	1	0	4	25	48846450	48846471	0.38	36.2
SMASTR_4_R	NC_000018.10	100.00	17	0	0	4	20	25790647	25790663	1.5	34.2
SMASTR_4_R	NC_000018.10	100.00	17	0	0	2	18	72684041	72684057	1.5	34.2
SMASTR_4_R	NC_000018.10	91.67	24	2	0	2	25	13244111	13244088	5.9	32.2
SMASTR_4_R	NC_000018.10	100.00	16	0	0	4	19	36472812	36472797	5.9	32.2
SMASTR_4_R	NC_000018.10	100.00	16	0	0	8	23	37860926	37860941	5.9	32.2
SMASTR_4_R	NC_000018.10	100.00	16	0	0	4	19	38722556	38722541	5.9	32.2
SMASTR_4_R	NC_000018.10	100.00	16	0	0	3	18	39563296	39563311	5.9	32.2
SMASTR_4_R	NC_000018.10	100.00	16	0	0	5	20	46723562	46723577	5.9	32.2
SMASTR_4_R	NC_000018.10	100.00	16	0	0	3	18	49725356	49725341	5.9	32.2
SMASTR_4_R	NC_000018.10	100.00	16	0	0	4	19	74573306	74573291	5.9	32.2
SMASTR_4_R	NC_000018.10	100.00	16	0	0	4	19	77018968	77018953	5.9	32.2
SMASTR_4_R	NC_000001.11	95.83	24	1	0	2	25	77802822	77802845	0.024	40.1
SMASTR_4_R	NC_000001.11	100.00	18	0	0	2	19	5678984	5679001	0.38	36.2
SMASTR_4_R	NC_000001.11	100.00	18	0	0	2	19	94357410	94357427	0.38	36.2
SMASTR_4_R	NC_000001.11	100.00	18	0	0	2	19	228043050	228043067	0.38	36.2
SMASTR_4_R	NC_000001.11	95.24	21	1	0	4	24	2965259	2965239	1.5	34.2
SMASTR_4_R	NC_000001.11	100.00	17	0	0	2	18	5736454	5736470	1.5	34.2
SMASTR_4_R	NC_000001.11	100.00	17	0	0	3	19	6174871	6174887	1.5	34.2
SMASTR_4_R	NC_000001.11	100.00	17	0	0	4	20	12583931	12583915	1.5	34.2
SMASTR_4_R	NC_000001.11	95.24	21	1	0	2	22	51941883	51941903	1.5	34.2
SMASTR_4_R	NC_000001.11	100.00	17	0	0	4	20	202245994	202245978	1.5	34.2
SMASTR_4_R	NC_000001.11	100.00	17	0	0	4	20	202246085	202246069	1.5	34.2
SMASTR_4_R	NC_000001.11	100.00	17	0	0	4	20	202246416	202246400	1.5	34.2
SMASTR_4_R	NC_000001.11	100.00	17	0	0	9	25	228319386	228319370	1.5	34.2
SMASTR_4_R	NC_000001.11	100.00	16	0	0	9	24	2965455	2965440	5.9	32.2
SMASTR_4_R	NC_000001.11	100.00	16	0	0	4	19	2986465	2986450	5.9	32.2
SMASTR_4_R	NC_000001.11	100.00	16	0	0	4	19	18305276	18305291	5.9	32.2
SMASTR_4_R	NC_000001.11	100.00	16	0	0	4	19	22333633	22333648	5.9	32.2
SMASTR_4_R	NC_000001.11	95.00	20	1	0	1	20	37408368	37408387	5.9	32.2
SMASTR_4_R	NC_000001.11	100.00	16	0	0	10	25	61224734	61224719	5.9	32.2
SMASTR_4_R	NC_000001.11	100.00	16	0	0	4	19	71912775	71912790	5.9	32.2
SMASTR_4_R	NC_000001.11	100.00	16	0	0	2	17	98017184	98017199	5.9	32.2
SMASTR_4_R	NC_000001.11	100.00	16	0	0	5	20	176891333	176891318	5.9	32.2
SMASTR_4_R	NC_000001.11	100.00	16	0	0	4	19	184114599	184114584	5.9	32.2
SMASTR_4_R	NC_000001.11	95.00	20	1	0	1	20	185607792	185607773	5.9	32.2
SMASTR_4_R	NC_000001.11	100.00	16	0	0	4	19	208215424	208215439	5.9	32.2
SMASTR_4_R	NC_000001.11	100.00	16	0	0	1	16	210364954	210364939	5.9	32.2
SMASTR_4_R	NC_000001.11	100.00	16	0	0	4	19	244140725	244140710	5.9	32.2
SMASTR_4_R	NT_167249.2	100.00	19	0	0	4	22	4636162	4636180	0.095	38.2
SMASTR_4_R	NT_167249.2	95.00	20	1	0	1	20	1037449	1037468	5.9	32.2
SMASTR_4_R	NT_167249.2	100.00	16	0	0	5	20	4236630	4236645	5.9	32.2
SMASTR_4_R	NT_167248.2	100.00	19	0	0	4	22	4381921	4381939	0.095	38.2
SMASTR_4_R	NT_167248.2	100.00	16	0	0	5	20	4031663	4031678	5.9	32.2
SMASTR_4_R	NT_167247.2	100.00	19	0	0	4	22	4623474	4623492	0.095	38.2
SMASTR_4_R	NT_167247.2	100.00	16	0	0	5	20	4136446	4136461	5.9	32.2
SMASTR_4_R	NT_167246.2	100.00	19	0	0	4	22	4606990	4607008	0.095	38.2
SMASTR_4_R	NT_167246.2	100.00	16	0	0	5	20	4256728	4256743	5.9	32.2
SMASTR_4_R	NT_167245.2	100.00	19	0	0	4	22	4431017	4431035	0.095	38.2
SMASTR_4_R	NT_167245.2	100.00	16	0	0	5	20	4080947	4080962	5.9	32.2
SMASTR_4_R	NT_113891.3	100.00	19	0	0	4	22	4599025	4599043	0.095	38.2
SMASTR_4_R	NT_113891.3	100.00	16	0	0	5	20	4249575	4249590	5.9	32.2
SMASTR_4_R	NC_000023.11	100.00	19	0	0	2	20	1219877	1219895	0.095	38.2
SMASTR_4_R	NC_000023.11	100.00	19	0	0	2	20	1220999	1221017	0.095	38.2
SMASTR_4_R	NC_000023.11	100.00	19	0	0	2	20	137082862	137082844	0.095	38.2
SMASTR_4_R	NC_000023.11	100.00	18	0	0	2	19	1218998	1219015	0.38	36.2
SMASTR_4_R	NC_000023.11	100.00	18	0	0	1	18	1226162	1226179	0.38	36.2
SMASTR_4_R	NC_000023.11	100.00	18	0	0	1	18	1406758	1406775	0.38	36.2
SMASTR_4_R	NC_000023.11	100.00	18	0	0	1	18	3764298	3764281	0.38	36.2
SMASTR_4_R	NC_000023.11	100.00	18	0	0	1	18	6669185	6669202	0.38	36.2
SMASTR_4_R	NC_000023.11	100.00	17	0	0	2	18	575631	575615	1.5	34.2
SMASTR_4_R	NC_000023.11	100.00	17	0	0	2	18	909605	909621	1.5	34.2
SMASTR_4_R	NC_000023.11	100.00	17	0	0	2	18	995631	995615	1.5	34.2
SMASTR_4_R	NC_000023.11	100.00	17	0	0	2	18	1219161	1219177	1.5	34.2
SMASTR_4_R	NC_000023.11	100.00	17	0	0	2	18	1219373	1219389	1.5	34.2
SMASTR_4_R	NC_000023.11	100.00	17	0	0	2	18	1219904	1219920	1.5	34.2
SMASTR_4_R	NC_000023.11	100.00	17	0	0	4	20	1315859	1315875	1.5	34.2
SMASTR_4_R	NC_000023.11	100.00	17	0	0	1	17	1725032	1725016	1.5	34.2
SMASTR_4_R	NC_000023.11	100.00	17	0	0	2	18	2669721	2669705	1.5	34.2
SMASTR_4_R	NC_000023.11	100.00	17	0	0	2	18	3083045	3083029	1.5	34.2
SMASTR_4_R	NC_000023.11	100.00	17	0	0	2	18	3385243	3385259	1.5	34.2
SMASTR_4_R	NC_000023.11	100.00	17	0	0	3	19	5021958	5021942	1.5	34.2
SMASTR_4_R	NC_000023.11	100.00	17	0	0	2	18	5202597	5202613	1.5	34.2
SMASTR_4_R	NC_000023.11	100.00	16	0	0	4	19	551055	551040	5.9	32.2
SMASTR_4_R	NC_000023.11	95.00	20	1	0	1	20	810723	810742	5.9	32.2
SMASTR_4_R	NC_000023.11	100.00	16	0	0	4	19	953728	953713	5.9	32.2
SMASTR_4_R	NC_000023.11	95.00	20	1	0	1	20	954249	954230	5.9	32.2
SMASTR_4_R	NC_000023.11	100.00	16	0	0	4	19	954338	954323	5.9	32.2
SMASTR_4_R	NC_000023.11	100.00	16	0	0	2	17	1220291	1220306	5.9	32.2
SMASTR_4_R	NC_000023.11	100.00	16	0	0	4	19	1226572	1226587	5.9	32.2
SMASTR_4_R	NC_000023.11	95.00	20	1	0	2	21	1406188	1406207	5.9	32.2
SMASTR_4_R	NC_000023.11	100.00	16	0	0	9	24	1473153	1473168	5.9	32.2
SMASTR_4_R	NC_000023.11	100.00	16	0	0	9	24	1473201	1473216	5.9	32.2
SMASTR_4_R	NC_000023.11	100.00	16	0	0	9	24	1473221	1473236	5.9	32.2
SMASTR_4_R	NC_000023.11	95.00	20	1	0	4	23	1527717	1527698	5.9	32.2
SMASTR_4_R	NC_000023.11	100.00	16	0	0	4	19	1577148	1577163	5.9	32.2
SMASTR_4_R	NC_000023.11	100.00	16	0	0	4	19	1577763	1577778	5.9	32.2
SMASTR_4_R	NC_000023.11	100.00	16	0	0	2	17	2184541	2184526	5.9	32.2
SMASTR_4_R	NC_000023.11	95.00	20	1	0	1	20	3568407	3568388	5.9	32.2
SMASTR_4_R	NC_000023.11	95.00	20	1	0	1	20	3568562	3568543	5.9	32.2
SMASTR_4_R	NC_000023.11	100.00	16	0	0	2	17	4062151	4062166	5.9	32.2
SMASTR_4_R	NC_000023.11	95.00	20	1	0	2	21	4119929	4119910	5.9	32.2
SMASTR_4_R	NC_000023.11	100.00	16	0	0	4	19	4406554	4406569	5.9	32.2
SMASTR_4_R	NC_000023.11	100.00	16	0	0	4	19	7257892	7257907	5.9	32.2
SMASTR_4_R	NC_000023.11	100.00	16	0	0	4	19	8027338	8027323	5.9	32.2
SMASTR_4_R	NC_000023.11	100.00	16	0	0	5	20	35157488	35157503	5.9	32.2
SMASTR_4_R	NC_000023.11	100.00	16	0	0	4	19	77413926	77413911	5.9	32.2
SMASTR_4_R	NC_000023.11	95.00	20	1	0	6	25	109877611	109877592	5.9	32.2
SMASTR_4_R	NC_000023.11	100.00	16	0	0	4	19	125463587	125463572	5.9	32.2
SMASTR_4_R	NC_000022.11	100.00	19	0	0	4	22	20199674	20199656	0.095	38.2
SMASTR_4_R	NC_000022.11	100.00	18	0	0	2	19	11028657	11028640	0.38	36.2
SMASTR_4_R	NC_000022.11	100.00	18	0	0	5	22	39583658	39583641	0.38	36.2
SMASTR_4_R	NC_000022.11	95.45	22	1	0	4	25	44633782	44633803	0.38	36.2
SMASTR_4_R	NC_000022.11	100.00	18	0	0	1	18	48686667	48686684	0.38	36.2
SMASTR_4_R	NC_000022.11	95.45	22	1	0	1	22	49243226	49243247	0.38	36.2
SMASTR_4_R	NC_000022.11	95.24	21	1	0	3	23	19995055	19995075	1.5	34.2
SMASTR_4_R	NC_000022.11	100.00	17	0	0	4	20	44633630	44633646	1.5	34.2
SMASTR_4_R	NC_000022.11	100.00	16	0	0	4	19	24936394	24936379	5.9	32.2
SMASTR_4_R	NC_000022.11	100.00	16	0	0	4	19	27565407	27565422	5.9	32.2
SMASTR_4_R	NC_000022.11	100.00	16	0	0	4	19	30470851	30470866	5.9	32.2
SMASTR_4_R	NC_000022.11	100.00	16	0	0	4	19	33864651	33864666	5.9	32.2
SMASTR_4_R	NC_000022.11	100.00	16	0	0	4	19	43470212	43470197	5.9	32.2
SMASTR_4_R	NC_000022.11	100.00	16	0	0	4	19	43470337	43470322	5.9	32.2
SMASTR_4_R	NC_000022.11	100.00	16	0	0	4	19	43508441	43508426	5.9	32.2
SMASTR_4_R	NC_000022.11	100.00	16	0	0	4	19	49260270	49260255	5.9	32.2
SMASTR_4_R	NC_000020.11	95.65	23	1	0	3	25	61790429	61790407	0.095	38.2
SMASTR_4_R	NC_000020.11	95.45	22	1	0	4	25	57203560	57203581	0.38	36.2
SMASTR_4_R	NC_000020.11	100.00	17	0	0	4	20	33025596	33025580	1.5	34.2
SMASTR_4_R	NC_000020.11	100.00	17	0	0	4	20	59641216	59641200	1.5	34.2
SMASTR_4_R	NC_000020.11	100.00	17	0	0	3	19	61790777	61790761	1.5	34.2
SMASTR_4_R	NC_000020.11	95.00	20	1	0	1	20	2350097	2350078	5.9	32.2
SMASTR_4_R	NC_000020.11	100.00	16	0	0	5	20	11858210	11858195	5.9	32.2
SMASTR_4_R	NC_000020.11	100.00	16	0	0	4	19	32613499	32613514	5.9	32.2
SMASTR_4_R	NC_000020.11	100.00	16	0	0	4	19	32613531	32613546	5.9	32.2
SMASTR_4_R	NC_000020.11	100.00	16	0	0	3	18	33038313	33038298	5.9	32.2
SMASTR_4_R	NC_000020.11	91.67	24	2	0	2	25	33080716	33080739	5.9	32.2
SMASTR_4_R	NC_000020.11	100.00	16	0	0	5	20	43346374	43346359	5.9	32.2
SMASTR_4_R	NC_000020.11	100.00	16	0	0	4	19	49548447	49548462	5.9	32.2
SMASTR_4_R	NC_000020.11	95.00	20	1	0	3	22	49619620	49619639	5.9	32.2
SMASTR_4_R	NC_000020.11	100.00	16	0	0	4	19	52994341	52994356	5.9	32.2
SMASTR_4_R	NC_000020.11	100.00	16	0	0	4	19	54084409	54084394	5.9	32.2
SMASTR_4_R	NC_000020.11	100.00	16	0	0	4	19	55791511	55791496	5.9	32.2
SMASTR_4_R	NC_000020.11	91.67	24	2	0	3	26	61572914	61572937	5.9	32.2
SMASTR_4_R	NC_000020.11	100.00	16	0	0	4	19	62105797	62105812	5.9	32.2
SMASTR_4_R	NC_000013.11	100.00	19	0	0	1	19	97852937	97852955	0.095	38.2
SMASTR_4_R	NC_000013.11	100.00	17	0	0	2	18	62664552	62664536	1.5	34.2
SMASTR_4_R	NC_000013.11	100.00	17	0	0	4	20	111550324	111550308	1.5	34.2
SMASTR_4_R	NC_000013.11	95.00	20	1	0	1	20	28857855	28857836	5.9	32.2
SMASTR_4_R	NC_000013.11	100.00	16	0	0	8	23	46261720	46261735	5.9	32.2
SMASTR_4_R	NC_000013.11	100.00	16	0	0	9	24	55730643	55730658	5.9	32.2
SMASTR_4_R	NC_000013.11	100.00	16	0	0	4	19	79644706	79644721	5.9	32.2
SMASTR_4_R	NC_000013.11	100.00	16	0	0	3	18	111960618	111960633	5.9	32.2
SMASTR_4_R	NC_000010.11	100.00	19	0	0	1	19	29870473	29870455	0.095	38.2
SMASTR_4_R	NC_000010.11	100.00	19	0	0	4	22	131483509	131483527	0.095	38.2
SMASTR_4_R	NC_000010.11	95.65	23	1	0	4	26	131483648	131483670	0.095	38.2
SMASTR_4_R	NC_000010.11	100.00	18	0	0	2	19	16160193	16160176	0.38	36.2
SMASTR_4_R	NC_000010.11	100.00	18	0	0	2	19	112859873	112859890	0.38	36.2
SMASTR_4_R	NC_000010.11	95.45	22	1	0	1	22	128816249	128816270	0.38	36.2
SMASTR_4_R	NC_000010.11	100.00	17	0	0	2	18	61750810	61750826	1.5	34.2
SMASTR_4_R	NC_000010.11	100.00	17	0	0	4	20	103701288	103701272	1.5	34.2
SMASTR_4_R	NC_000010.11	100.00	17	0	0	4	20	103701376	103701360	1.5	34.2
SMASTR_4_R	NC_000010.11	100.00	17	0	0	4	20	103701575	103701559	1.5	34.2
SMASTR_4_R	NC_000010.11	100.00	17	0	0	2	18	128837789	128837773	1.5	34.2
SMASTR_4_R	NC_000010.11	100.00	16	0	0	2	17	3579297	3579312	5.9	32.2
SMASTR_4_R	NC_000010.11	100.00	16	0	0	4	19	3976316	3976331	5.9	32.2
SMASTR_4_R	NC_000010.11	100.00	16	0	0	4	19	11283539	11283554	5.9	32.2
SMASTR_4_R	NC_000010.11	100.00	16	0	0	3	18	26551881	26551896	5.9	32.2
SMASTR_4_R	NC_000010.11	100.00	16	0	0	4	19	48975753	48975768	5.9	32.2
SMASTR_4_R	NC_000010.11	91.67	24	2	0	1	24	86249930	86249953	5.9	32.2
SMASTR_4_R	NC_000010.11	100.00	16	0	0	4	19	103701451	103701436	5.9	32.2
SMASTR_4_R	NC_000010.11	100.00	16	0	0	4	19	112860091	112860106	5.9	32.2
SMASTR_4_R	NC_000010.11	91.67	24	2	0	2	25	113700660	113700683	5.9	32.2
SMASTR_4_R	NC_000010.11	100.00	16	0	0	4	19	118273681	118273696	5.9	32.2
SMASTR_4_R	NC_000010.11	100.00	16	0	0	4	19	118273744	118273759	5.9	32.2
SMASTR_4_R	NC_000010.11	100.00	16	0	0	4	19	126051421	126051406	5.9	32.2
SMASTR_4_R	NC_000009.12	95.65	23	1	0	1	23	134669055	134669033	0.095	38.2
SMASTR_4_R	NC_000009.12	100.00	19	0	0	1	19	135304431	135304449	0.095	38.2
SMASTR_4_R	NC_000009.12	100.00	17	0	0	4	20	3044483	3044499	1.5	34.2
SMASTR_4_R	NC_000009.12	95.24	21	1	0	5	25	114166346	114166326	1.5	34.2
SMASTR_4_R	NC_000009.12	100.00	17	0	0	2	18	114526402	114526418	1.5	34.2
SMASTR_4_R	NC_000009.12	92.00	25	2	0	1	25	129456824	129456848	1.5	34.2
SMASTR_4_R	NC_000009.12	100.00	17	0	0	2	18	134846765	134846749	1.5	34.2
SMASTR_4_R	NC_000009.12	95.24	21	1	0	2	22	135141551	135141571	1.5	34.2
SMASTR_4_R	NC_000009.12	100.00	16	0	0	4	19	12070010	12070025	5.9	32.2
SMASTR_4_R	NC_000009.12	100.00	16	0	0	2	17	118214772	118214757	5.9	32.2
SMASTR_4_R	NC_000009.12	95.00	20	1	0	1	20	124136169	124136150	5.9	32.2
SMASTR_4_R	NC_000009.12	100.00	16	0	0	4	19	130373636	130373651	5.9	32.2
SMASTR_4_R	NC_000009.12	91.67	24	2	0	4	27	130455250	130455227	5.9	32.2
SMASTR_4_R	NC_000009.12	95.00	20	1	0	3	22	133871162	133871181	5.9	32.2
SMASTR_4_R	NC_000009.12	100.00	16	0	0	5	20	135004943	135004958	5.9	32.2
SMASTR_4_R	NC_000009.12	100.00	16	0	0	5	20	135572529	135572514	5.9	32.2
SMASTR_4_R	NC_000008.11	100.00	19	0	0	2	20	123659572	123659554	0.095	38.2
SMASTR_4_R	NC_000008.11	100.00	18	0	0	2	19	9537509	9537492	0.38	36.2
SMASTR_4_R	NC_000008.11	100.00	18	0	0	4	21	24455293	24455276	0.38	36.2
SMASTR_4_R	NC_000008.11	100.00	18	0	0	1	18	109194164	109194147	0.38	36.2
SMASTR_4_R	NC_000008.11	100.00	17	0	0	4	20	112395401	112395417	1.5	34.2
SMASTR_4_R	NC_000008.11	100.00	17	0	0	4	20	123659802	123659786	1.5	34.2
SMASTR_4_R	NC_000008.11	100.00	17	0	0	2	18	135833957	135833941	1.5	34.2
SMASTR_4_R	NC_000008.11	100.00	17	0	0	9	25	142792553	142792537	1.5	34.2
SMASTR_4_R	NC_000008.11	91.67	24	2	0	2	25	3592129	3592152	5.9	32.2
SMASTR_4_R	NC_000008.11	100.00	16	0	0	4	19	8671995	8672010	5.9	32.2
SMASTR_4_R	NC_000008.11	100.00	16	0	0	4	19	9537743	9537728	5.9	32.2
SMASTR_4_R	NC_000008.11	100.00	16	0	0	9	24	27721079	27721064	5.9	32.2
SMASTR_4_R	NC_000008.11	100.00	16	0	0	5	20	27984519	27984504	5.9	32.2
SMASTR_4_R	NC_000008.11	100.00	16	0	0	2	17	39898565	39898550	5.9	32.2
SMASTR_4_R	NC_000008.11	100.00	16	0	0	1	16	92918124	92918109	5.9	32.2
SMASTR_4_R	NC_000008.11	100.00	16	0	0	6	21	107281164	107281149	5.9	32.2
SMASTR_4_R	NC_000008.11	100.00	16	0	0	4	19	129105991	129105976	5.9	32.2
SMASTR_4_R	NC_000008.11	100.00	16	0	0	4	19	132159889	132159874	5.9	32.2
SMASTR_4_R	NC_000008.11	95.00	20	1	0	1	20	142115879	142115860	5.9	32.2
SMASTR_4_R	NC_000008.11	91.67	24	2	0	2	25	142429670	142429647	5.9	32.2
SMASTR_4_R	NC_000007.14	100.00	19	0	0	1	19	32780826	32780844	0.095	38.2
SMASTR_4_R	NC_000007.14	100.00	18	0	0	1	18	74048974	74048957	0.38	36.2
SMASTR_4_R	NC_000007.14	95.45	22	1	0	4	25	75820807	75820786	0.38	36.2
SMASTR_4_R	NC_000007.14	100.00	17	0	0	1	17	30657999	30657983	1.5	34.2
SMASTR_4_R	NC_000007.14	95.24	21	1	0	2	22	30976954	30976934	1.5	34.2
SMASTR_4_R	NC_000007.14	100.00	17	0	0	4	20	48330309	48330293	1.5	34.2
SMASTR_4_R	NC_000007.14	100.00	17	0	0	3	19	69257921	69257937	1.5	34.2
SMASTR_4_R	NC_000007.14	100.00	17	0	0	2	18	74054078	74054094	1.5	34.2
SMASTR_4_R	NC_000007.14	100.00	17	0	0	3	19	106841425	106841441	1.5	34.2
SMASTR_4_R	NC_000007.14	100.00	17	0	0	9	25	157822015	157821999	1.5	34.2
SMASTR_4_R	NC_000007.14	100.00	16	0	0	4	19	408078	408063	5.9	32.2
SMASTR_4_R	NC_000007.14	100.00	16	0	0	4	19	408205	408190	5.9	32.2
SMASTR_4_R	NC_000007.14	100.00	16	0	0	4	19	408304	408289	5.9	32.2
SMASTR_4_R	NC_000007.14	100.00	16	0	0	3	18	18371004	18370989	5.9	32.2
SMASTR_4_R	NC_000007.14	100.00	16	0	0	4	19	34882034	34882049	5.9	32.2
SMASTR_4_R	NC_000007.14	95.00	20	1	0	5	24	35213700	35213719	5.9	32.2
SMASTR_4_R	NC_000007.14	95.00	20	1	0	6	25	52695181	52695162	5.9	32.2
SMASTR_4_R	NC_000007.14	100.00	16	0	0	5	20	63045610	63045595	5.9	32.2
SMASTR_4_R	NC_000007.14	100.00	16	0	0	4	19	68870030	68870045	5.9	32.2
SMASTR_4_R	NC_000007.14	100.00	16	0	0	2	17	71175288	71175273	5.9	32.2
SMASTR_4_R	NC_000007.14	100.00	16	0	0	2	17	73278411	73278396	5.9	32.2
SMASTR_4_R	NC_000007.14	100.00	16	0	0	4	19	74049191	74049176	5.9	32.2
SMASTR_4_R	NC_000007.14	100.00	16	0	0	2	17	74831232	74831217	5.9	32.2
SMASTR_4_R	NC_000007.14	100.00	16	0	0	2	17	75114082	75114097	5.9	32.2
SMASTR_4_R	NC_000007.14	95.00	20	1	0	5	24	78579315	78579334	5.9	32.2
SMASTR_4_R	NC_000007.14	100.00	16	0	0	3	18	89842823	89842838	5.9	32.2
SMASTR_4_R	NC_000007.14	91.67	24	2	0	4	27	98657182	98657205	5.9	32.2
SMASTR_4_R	NC_000007.14	100.00	16	0	0	4	19	99243777	99243762	5.9	32.2
SMASTR_4_R	NC_000007.14	100.00	16	0	0	5	20	127117001	127117016	5.9	32.2
SMASTR_4_R	NC_000007.14	100.00	16	0	0	2	17	149801128	149801113	5.9	32.2
SMASTR_4_R	NC_000007.14	100.00	16	0	0	9	24	157822391	157822376	5.9	32.2
SMASTR_4_R	NC_000007.14	95.00	20	1	0	1	20	157822649	157822630	5.9	32.2
SMASTR_4_R	NC_000007.14	100.00	16	0	0	5	20	158013598	158013583	5.9	32.2
SMASTR_4_R	NC_000006.12	100.00	19	0	0	4	22	33187518	33187536	0.095	38.2
SMASTR_4_R	NC_000006.12	92.00	25	2	0	1	25	11313122	11313146	1.5	34.2
SMASTR_4_R	NC_000006.12	95.00	20	1	0	5	24	6574445	6574464	5.9	32.2
SMASTR_4_R	NC_000006.12	100.00	16	0	0	5	20	32837376	32837391	5.9	32.2
SMASTR_4_R	NC_000006.12	100.00	16	0	0	4	19	143547935	143547920	5.9	32.2
SMASTR_4_R	NC_000006.12	91.67	24	2	0	2	25	159268826	159268803	5.9	32.2
SMASTR_4_R	NC_000005.10	100.00	19	0	0	4	22	1166299	1166281	0.095	38.2
SMASTR_4_R	NC_000005.10	100.00	19	0	0	2	20	54601058	54601040	0.095	38.2
SMASTR_4_R	NC_000005.10	95.45	22	1	0	4	25	1440217	1440238	0.38	36.2
SMASTR_4_R	NC_000005.10	100.00	18	0	0	2	19	2107961	2107978	0.38	36.2
SMASTR_4_R	NC_000005.10	100.00	18	0	0	1	18	118349229	118349212	0.38	36.2
SMASTR_4_R	NC_000005.10	92.00	25	2	0	1	25	2108492	2108516	1.5	34.2
SMASTR_4_R	NC_000005.10	95.24	21	1	0	4	24	4126146	4126166	1.5	34.2
SMASTR_4_R	NC_000005.10	100.00	17	0	0	1	17	97695188	97695204	1.5	34.2
SMASTR_4_R	NC_000005.10	100.00	17	0	0	3	19	143793856	143793840	1.5	34.2
SMASTR_4_R	NC_000005.10	95.24	21	1	0	2	22	178245392	178245412	1.5	34.2
SMASTR_4_R	NC_000005.10	100.00	16	0	0	4	19	1389103	1389088	5.9	32.2
SMASTR_4_R	NC_000005.10	91.67	24	2	0	2	25	2107825	2107848	5.9	32.2
SMASTR_4_R	NC_000005.10	100.00	16	0	0	4	19	2161253	2161238	5.9	32.2
SMASTR_4_R	NC_000005.10	100.00	16	0	0	4	19	4304472	4304457	5.9	32.2
SMASTR_4_R	NC_000005.10	95.00	20	1	0	3	22	23640554	23640573	5.9	32.2
SMASTR_4_R	NC_000005.10	100.00	16	0	0	5	20	29035461	29035476	5.9	32.2
SMASTR_4_R	NC_000005.10	100.00	16	0	0	4	19	35967875	35967860	5.9	32.2
SMASTR_4_R	NC_000005.10	100.00	16	0	0	4	19	58473896	58473881	5.9	32.2
SMASTR_4_R	NC_000005.10	95.00	20	1	0	1	20	104509732	104509713	5.9	32.2
SMASTR_4_R	NC_000005.10	100.00	16	0	0	3	18	142037736	142037751	5.9	32.2
SMASTR_4_R	NC_000005.10	95.00	20	1	0	5	24	157539896	157539915	5.9	32.2
SMASTR_4_R	NC_000005.10	100.00	16	0	0	2	17	160637202	160637187	5.9	32.2
SMASTR_4_R	NC_000005.10	100.00	16	0	0	5	20	161395413	161395398	5.9	32.2
SMASTR_4_R	NC_000005.10	100.00	16	0	0	2	17	161746537	161746552	5.9	32.2
SMASTR_4_R	NC_000005.10	100.00	16	0	0	4	19	168250247	168250262	5.9	32.2
SMASTR_4_R	NC_000005.10	91.67	24	2	0	2	25	170329649	170329626	5.9	32.2
SMASTR_4_R	NC_000005.10	100.00	16	0	0	4	19	175103021	175103036	5.9	32.2
SMASTR_4_R	NC_000004.12	100.00	19	0	0	1	19	1475602	1475620	0.095	38.2
SMASTR_4_R	NC_000004.12	100.00	19	0	0	1	19	1475822	1475840	0.095	38.2
SMASTR_4_R	NC_000004.12	100.00	18	0	0	3	20	28590738	28590755	0.38	36.2
SMASTR_4_R	NC_000004.12	100.00	17	0	0	6	22	7351942	7351926	1.5	34.2
SMASTR_4_R	NC_000004.12	100.00	17	0	0	4	20	7400970	7400986	1.5	34.2
SMASTR_4_R	NC_000004.12	100.00	17	0	0	2	18	7690069	7690085	1.5	34.2
SMASTR_4_R	NC_000004.12	95.24	21	1	0	4	24	8012754	8012734	1.5	34.2
SMASTR_4_R	NC_000004.12	100.00	17	0	0	1	17	110573903	110573919	1.5	34.2
SMASTR_4_R	NC_000004.12	100.00	16	0	0	4	19	7561472	7561457	5.9	32.2
SMASTR_4_R	NC_000004.12	100.00	16	0	0	4	19	7561592	7561577	5.9	32.2
SMASTR_4_R	NC_000004.12	100.00	16	0	0	4	19	8166347	8166332	5.9	32.2
SMASTR_4_R	NC_000004.12	100.00	16	0	0	4	19	8605552	8605537	5.9	32.2
SMASTR_4_R	NC_000004.12	100.00	16	0	0	5	20	10669142	10669127	5.9	32.2
SMASTR_4_R	NC_000004.12	95.00	20	1	0	1	20	10943044	10943063	5.9	32.2
SMASTR_4_R	NC_000004.12	100.00	16	0	0	2	17	46447022	46447007	5.9	32.2
SMASTR_4_R	NC_000004.12	100.00	16	0	0	2	17	65745694	65745679	5.9	32.2
SMASTR_4_R	NC_000004.12	100.00	16	0	0	5	20	67818443	67818458	5.9	32.2
SMASTR_4_R	NC_000004.12	100.00	16	0	0	10	25	99085064	99085049	5.9	32.2
SMASTR_4_R	NC_000004.12	100.00	16	0	0	5	20	109568834	109568849	5.9	32.2
SMASTR_4_R	NC_000004.12	100.00	16	0	0	5	20	144907962	144907977	5.9	32.2
SMASTR_4_R	NT_187547.1	95.45	22	1	0	4	25	69556	69535	0.38	36.2
SMASTR_4_R	NT_187547.1	100.00	16	0	0	4	19	124906	124921	5.9	32.2
SMASTR_4_R	NW_013171814.1	95.45	22	1	0	4	25	335720	335741	0.38	36.2
SMASTR_4_R	NW_011332699.1	100.00	18	0	0	2	19	38570	38553	0.38	36.2
SMASTR_4_R	NW_011332696.1	95.45	22	1	0	1	22	431534	431555	0.38	36.2
SMASTR_4_R	NW_011332689.1	100.00	18	0	0	2	19	58274	58291	0.38	36.2
SMASTR_4_R	NW_011332689.1	100.00	17	0	0	3	19	58051	58067	1.5	34.2
SMASTR_4_R	NC_000021.9	100.00	18	0	0	2	19	10375763	10375746	0.38	36.2
SMASTR_4_R	NC_000021.9	95.45	22	1	0	4	25	37604884	37604863	0.38	36.2
SMASTR_4_R	NC_000021.9	100.00	16	0	0	3	18	18642767	18642782	5.9	32.2
SMASTR_4_R	NC_000021.9	95.00	20	1	0	1	20	28082777	28082796	5.9	32.2
SMASTR_4_R	NC_000021.9	100.00	16	0	0	1	16	39895198	39895183	5.9	32.2
SMASTR_4_R	NC_000017.11	95.45	22	1	0	1	22	5623004	5622983	0.38	36.2
SMASTR_4_R	NC_000017.11	100.00	18	0	0	5	22	57351936	57351953	0.38	36.2
SMASTR_4_R	NC_000017.11	100.00	17	0	0	2	18	77296873	77296889	1.5	34.2
SMASTR_4_R	NC_000017.11	95.24	21	1	0	4	24	79499232	79499212	1.5	34.2
SMASTR_4_R	NC_000017.11	100.00	17	0	0	2	18	80269724	80269708	1.5	34.2
SMASTR_4_R	NC_000017.11	95.00	20	1	0	1	20	3549970	3549989	5.9	32.2
SMASTR_4_R	NC_000017.11	100.00	16	0	0	4	19	21362699	21362714	5.9	32.2
SMASTR_4_R	NC_000017.11	100.00	16	0	0	4	19	21362866	21362881	5.9	32.2
SMASTR_4_R	NC_000017.11	95.00	20	1	0	3	22	35895534	35895515	5.9	32.2
SMASTR_4_R	NC_000017.11	95.00	20	1	0	6	25	49867214	49867233	5.9	32.2
SMASTR_4_R	NC_000017.11	100.00	16	0	0	4	19	49867257	49867272	5.9	32.2
SMASTR_4_R	NC_000017.11	95.00	20	1	0	3	22	78123932	78123951	5.9	32.2
SMASTR_4_R	NC_000017.11	91.67	24	2	0	2	25	80269474	80269451	5.9	32.2
SMASTR_4_R	NC_000017.11	100.00	16	0	0	2	17	80269633	80269618	5.9	32.2
SMASTR_4_R	NC_000017.11	100.00	16	0	0	4	19	82147237	82147252	5.9	32.2
SMASTR_4_R	NC_000015.10	95.45	22	1	0	4	25	45205487	45205466	0.38	36.2
SMASTR_4_R	NC_000015.10	100.00	17	0	0	4	20	46413691	46413707	1.5	34.2
SMASTR_4_R	NC_000015.10	100.00	17	0	0	2	18	50088855	50088871	1.5	34.2
SMASTR_4_R	NC_000015.10	100.00	17	0	0	1	17	55848617	55848633	1.5	34.2
SMASTR_4_R	NC_000015.10	100.00	17	0	0	3	19	70432777	70432793	1.5	34.2
SMASTR_4_R	NC_000015.10	100.00	17	0	0	4	20	83111442	83111426	1.5	34.2
SMASTR_4_R	NC_000015.10	100.00	16	0	0	2	17	47958807	47958792	5.9	32.2
SMASTR_4_R	NC_000015.10	95.00	20	1	0	1	20	70042755	70042736	5.9	32.2
SMASTR_4_R	NC_000015.10	95.00	20	1	0	3	22	70302450	70302469	5.9	32.2
SMASTR_4_R	NC_000015.10	95.00	20	1	0	3	22	70303046	70303065	5.9	32.2
SMASTR_4_R	NC_000015.10	95.00	20	1	0	3	22	70303115	70303134	5.9	32.2
SMASTR_4_R	NC_000015.10	95.00	20	1	0	3	22	70303193	70303212	5.9	32.2
SMASTR_4_R	NC_000015.10	100.00	16	0	0	4	19	83990890	83990875	5.9	32.2
SMASTR_4_R	NC_000015.10	91.67	24	2	0	4	27	97201600	97201577	5.9	32.2
SMASTR_4_R	NC_000012.12	95.45	22	1	0	1	22	12462531	12462552	0.38	36.2
SMASTR_4_R	NC_000012.12	100.00	18	0	0	2	19	106257397	106257414	0.38	36.2
SMASTR_4_R	NC_000012.12	100.00	18	0	0	1	18	132217411	132217394	0.38	36.2
SMASTR_4_R	NC_000012.12	100.00	17	0	0	4	20	22999719	22999703	1.5	34.2
SMASTR_4_R	NC_000012.12	100.00	17	0	0	3	19	64801265	64801281	1.5	34.2
SMASTR_4_R	NC_000012.12	100.00	17	0	0	2	18	72247879	72247863	1.5	34.2
SMASTR_4_R	NC_000012.12	100.00	17	0	0	4	20	111049289	111049273	1.5	34.2
SMASTR_4_R	NC_000012.12	95.24	21	1	0	4	24	113589475	113589455	1.5	34.2
SMASTR_4_R	NC_000012.12	100.00	17	0	0	4	20	116551495	116551511	1.5	34.2
SMASTR_4_R	NC_000012.12	100.00	17	0	0	4	20	131314896	131314880	1.5	34.2
SMASTR_4_R	NC_000012.12	100.00	17	0	0	4	20	131314948	131314932	1.5	34.2
SMASTR_4_R	NC_000012.12	100.00	17	0	0	4	20	131643455	131643471	1.5	34.2
SMASTR_4_R	NC_000012.12	92.00	25	2	0	1	25	132124438	132124414	1.5	34.2
SMASTR_4_R	NC_000012.12	100.00	16	0	0	4	19	20539633	20539648	5.9	32.2
SMASTR_4_R	NC_000012.12	91.67	24	2	0	2	25	38596413	38596390	5.9	32.2
SMASTR_4_R	NC_000012.12	91.67	24	2	0	2	25	45664054	45664077	5.9	32.2
SMASTR_4_R	NC_000012.12	100.00	16	0	0	5	20	55477717	55477732	5.9	32.2
SMASTR_4_R	NC_000012.12	95.00	20	1	0	5	24	63697629	63697648	5.9	32.2
SMASTR_4_R	NC_000012.12	95.00	20	1	0	1	20	109883860	109883841	5.9	32.2
SMASTR_4_R	NC_000012.12	100.00	16	0	0	2	17	113053963	113053978	5.9	32.2
SMASTR_4_R	NC_000012.12	95.00	20	1	0	1	20	114233895	114233914	5.9	32.2
SMASTR_4_R	NC_000012.12	100.00	16	0	0	4	19	117882565	117882550	5.9	32.2
SMASTR_4_R	NC_000012.12	95.00	20	1	0	1	20	130241900	130241919	5.9	32.2
SMASTR_4_R	NC_000011.10	100.00	18	0	0	2	19	64595896	64595913	0.38	36.2
SMASTR_4_R	NC_000011.10	95.45	22	1	0	4	25	69481930	69481951	0.38	36.2
SMASTR_4_R	NC_000011.10	100.00	18	0	0	2	19	70855980	70855997	0.38	36.2
SMASTR_4_R	NC_000011.10	95.24	21	1	0	2	22	2125331	2125351	1.5	34.2
SMASTR_4_R	NC_000011.10	95.24	21	1	0	2	22	2125983	2126003	1.5	34.2
SMASTR_4_R	NC_000011.10	95.24	21	1	0	4	24	11546889	11546909	1.5	34.2
SMASTR_4_R	NC_000011.10	92.00	25	2	0	1	25	69243297	69243273	1.5	34.2
SMASTR_4_R	NC_000011.10	100.00	17	0	0	2	18	79266212	79266228	1.5	34.2
SMASTR_4_R	NC_000011.10	100.00	17	0	0	3	19	91832735	91832719	1.5	34.2
SMASTR_4_R	NC_000011.10	100.00	17	0	0	3	19	133031153	133031169	1.5	34.2
SMASTR_4_R	NC_000011.10	95.00	20	1	0	3	22	1892830	1892849	5.9	32.2
SMASTR_4_R	NC_000011.10	100.00	16	0	0	2	17	25808756	25808771	5.9	32.2
SMASTR_4_R	NC_000011.10	95.00	20	1	0	4	23	57233242	57233261	5.9	32.2
SMASTR_4_R	NC_000011.10	100.00	16	0	0	2	17	57276065	57276080	5.9	32.2
SMASTR_4_R	NC_000011.10	100.00	16	0	0	3	18	58298963	58298978	5.9	32.2
SMASTR_4_R	NC_000011.10	100.00	16	0	0	4	19	64596446	64596461	5.9	32.2
SMASTR_4_R	NC_000011.10	100.00	16	0	0	4	19	69945431	69945446	5.9	32.2
SMASTR_4_R	NC_000011.10	100.00	16	0	0	2	17	70194967	70194982	5.9	32.2
SMASTR_4_R	NC_000011.10	91.67	24	2	0	2	25	70686438	70686415	5.9	32.2
SMASTR_4_R	NC_000011.10	100.00	16	0	0	4	19	70693865	70693880	5.9	32.2
SMASTR_4_R	NC_000011.10	95.00	20	1	0	1	20	71486538	71486519	5.9	32.2
SMASTR_4_R	NC_000011.10	95.00	20	1	0	1	20	80194189	80194170	5.9	32.2
SMASTR_4_R	NC_000011.10	100.00	16	0	0	2	17	87724648	87724663	5.9	32.2
SMASTR_4_R	NC_000003.12	100.00	18	0	0	3	20	111244026	111244009	0.38	36.2
SMASTR_4_R	NC_000003.12	100.00	17	0	0	2	18	116528403	116528419	1.5	34.2
SMASTR_4_R	NC_000003.12	100.00	17	0	0	4	20	131278412	131278428	1.5	34.2
SMASTR_4_R	NC_000003.12	95.24	21	1	0	1	21	141216458	141216478	1.5	34.2
SMASTR_4_R	NC_000003.12	100.00	17	0	0	1	17	149694922	149694938	1.5	34.2
SMASTR_4_R	NC_000003.12	100.00	16	0	0	8	23	1835505	1835490	5.9	32.2
SMASTR_4_R	NC_000003.12	100.00	16	0	0	1	16	19088077	19088092	5.9	32.2
SMASTR_4_R	NC_000003.12	95.00	20	1	0	1	20	35989227	35989246	5.9	32.2
SMASTR_4_R	NC_000003.12	100.00	16	0	0	6	21	38716738	38716753	5.9	32.2
SMASTR_4_R	NC_000003.12	91.67	24	2	0	2	25	46523745	46523722	5.9	32.2
SMASTR_4_R	NC_000003.12	91.67	24	2	0	2	25	55163003	55162980	5.9	32.2
SMASTR_4_R	NC_000003.12	100.00	16	0	0	5	20	55372710	55372725	5.9	32.2
SMASTR_4_R	NC_000003.12	100.00	16	0	0	4	19	69375163	69375148	5.9	32.2
SMASTR_4_R	NC_000003.12	91.67	24	2	0	2	25	72327335	72327312	5.9	32.2
SMASTR_4_R	NC_000003.12	95.00	20	1	0	1	20	132811661	132811642	5.9	32.2
SMASTR_4_R	NC_000003.12	100.00	16	0	0	4	19	141227553	141227538	5.9	32.2
SMASTR_4_R	NC_000003.12	95.00	20	1	0	3	22	170306798	170306779	5.9	32.2
SMASTR_4_R	NC_000003.12	100.00	16	0	0	5	20	180886588	180886573	5.9	32.2
SMASTR_4_R	NC_000003.12	100.00	16	0	0	3	18	190867981	190867996	5.9	32.2
SMASTR_4_R	NC_000002.12	100.00	18	0	0	1	18	139783889	139783872	0.38	36.2
SMASTR_4_R	NC_000002.12	100.00	18	0	0	2	19	239755177	239755194	0.38	36.2
SMASTR_4_R	NC_000002.12	100.00	17	0	0	2	18	116060	116076	1.5	34.2
SMASTR_4_R	NC_000002.12	100.00	17	0	0	9	25	1405458	1405442	1.5	34.2
SMASTR_4_R	NC_000002.12	100.00	17	0	0	2	18	45663983	45663967	1.5	34.2
SMASTR_4_R	NC_000002.12	100.00	17	0	0	3	19	96065047	96065031	1.5	34.2
SMASTR_4_R	NC_000002.12	100.00	17	0	0	9	25	143758313	143758329	1.5	34.2
SMASTR_4_R	NC_000002.12	100.00	17	0	0	3	19	239754954	239754970	1.5	34.2
SMASTR_4_R	NC_000002.12	100.00	16	0	0	4	19	26526314	26526329	5.9	32.2
SMASTR_4_R	NC_000002.12	100.00	16	0	0	2	17	60874530	60874545	5.9	32.2
SMASTR_4_R	NC_000002.12	100.00	16	0	0	3	18	94966322	94966307	5.9	32.2
SMASTR_4_R	NC_000002.12	100.00	16	0	0	5	20	98000805	98000820	5.9	32.2
SMASTR_4_R	NC_000002.12	100.00	16	0	0	4	19	110816076	110816091	5.9	32.2
SMASTR_4_R	NC_000002.12	100.00	16	0	0	4	19	133363754	133363769	5.9	32.2
SMASTR_4_R	NC_000002.12	100.00	16	0	0	3	18	173715988	173715973	5.9	32.2
SMASTR_4_R	NC_000002.12	100.00	16	0	0	2	17	234103001	234102986	5.9	32.2
SMASTR_4_R	NC_000002.12	100.00	16	0	0	7	22	236533064	236533079	5.9	32.2
SMASTR_4_R	NT_187667.1	100.00	17	0	0	2	18	248124	248108	1.5	34.2
SMASTR_4_R	NT_187667.1	100.00	16	0	0	4	19	223548	223533	5.9	32.2
SMASTR_4_R	NT_187634.1	100.00	17	0	0	2	18	258984	258968	1.5	34.2
SMASTR_4_R	NT_187634.1	100.00	16	0	0	4	19	234408	234393	5.9	32.2
SMASTR_4_R	NW_003315955.1	100.00	17	0	0	2	18	87766	87782	1.5	34.2
SMASTR_4_R	NT_187607.1	100.00	17	0	0	9	25	1458109	1458125	1.5	34.2
SMASTR_4_R	NT_187607.1	100.00	16	0	0	5	20	67113	67098	5.9	32.2
SMASTR_4_R	NT_187607.1	100.00	16	0	0	5	20	2193864	2193849	5.9	32.2
SMASTR_4_R	NT_187607.1	95.00	20	1	0	1	20	2428344	2428325	5.9	32.2
SMASTR_4_R	NT_187529.1	100.00	17	0	0	9	25	88654	88638	1.5	34.2
SMASTR_4_R	NW_017363820.1	100.00	17	0	0	3	19	71002	70986	1.5	34.2
SMASTR_4_R	NC_000014.9	100.00	17	0	0	9	25	47024103	47024119	1.5	34.2
SMASTR_4_R	NC_000014.9	100.00	16	0	0	5	20	54642592	54642577	5.9	32.2
SMASTR_4_R	NC_000014.9	100.00	16	0	0	3	18	61912746	61912731	5.9	32.2
SMASTR_4_R	NC_000014.9	100.00	16	0	0	1	16	97002439	97002424	5.9	32.2
SMASTR_4_R	NC_000014.9	100.00	16	0	0	4	19	97288239	97288254	5.9	32.2
SMASTR_4_R	NC_000014.9	100.00	16	0	0	4	19	97288259	97288274	5.9	32.2
SMASTR_4_R	NC_000014.9	95.00	20	1	0	5	24	97822812	97822831	5.9	32.2
SMASTR_4_R	NC_000014.9	100.00	16	0	0	4	19	104204185	104204170	5.9	32.2
SMASTR_4_R	NC_000014.9	100.00	16	0	0	4	19	104204205	104204190	5.9	32.2
SMASTR_4_R	NC_000014.9	100.00	16	0	0	4	19	104204698	104204683	5.9	32.2
SMASTR_4_R	NT_187614.1	95.00	20	1	0	3	22	130066	130047	5.9	32.2
SMASTR_4_R	NT_167244.2	100.00	16	0	0	5	20	4142242	4142257	5.9	32.2
SMASTR_4_R	NW_011332691.1	91.67	24	2	0	2	25	1895	1872	5.9	32.2
SMASTR_4_R	NW_011332687.1	100.00	16	0	0	1	16	144696	144681	5.9	32.2
# BLASTN 2.2.31+
# Query: SMASTR_5_R
# Database: ../BlastDB/human_genome.db
# Fields: query id, subject id, % identity, alignment length, mismatches, gap opens, q. start, q. end, s. start, s. end, evalue, bit score
# 13 hits found
SMASTR_5_R	NC_000020.11	100.00	18	0	0	1	18	62477857	62477840	0.084	36.2
SMASTR_5_R	NC_000014.9	100.00	18	0	0	1	18	72671152	72671169	0.084	36.2
SMASTR_5_R	NT_187632.1	100.00	15	0	0	1	15	94187	94173	5.2	30.2
SMASTR_5_R	NC_000022.11	100.00	15	0	0	1	15	23448229	23448215	5.2	30.2
SMASTR_5_R	NC_000016.10	100.00	15	0	0	1	15	67186984	67186970	5.2	30.2
SMASTR_5_R	NC_000013.11	100.00	15	0	0	1	15	29162894	29162908	5.2	30.2
SMASTR_5_R	NC_000008.11	100.00	15	0	0	1	15	67853794	67853780	5.2	30.2
SMASTR_5_R	NC_000006.12	100.00	15	0	0	1	15	18464854	18464840	5.2	30.2
SMASTR_5_R	NC_000006.12	100.00	15	0	0	1	15	106201181	106201195	5.2	30.2
SMASTR_5_R	NC_000004.12	100.00	15	0	0	1	15	22996257	22996271	5.2	30.2
SMASTR_5_R	NC_000004.12	100.00	15	0	0	1	15	108109111	108109125	5.2	30.2
SMASTR_5_R	NC_000003.12	100.00	15	0	0	1	15	138407754	138407768	5.2	30.2
SMASTR_5_R	NC_000001.11	100.00	15	0	0	2	16	224925835	224925849	5.2	30.2
# BLASTN 2.2.31+
# Query: SMASTR_6_R
# Database: ../BlastDB/human_genome.db
# Fields: query id, subject id, % identity, alignment length, mismatches, gap opens, q. start, q. end, s. start, s. end, evalue, bit score
# 19 hits found
SMASTR_6_R	NC_000003.12	100.00	23	0	0	1	23	114248254	114248232	3e-04	46.1
SMASTR_6_R	NC_000003.12	100.00	17	0	0	4	20	87330864	87330880	0.99	34.2
SMASTR_6_R	NC_000003.12	100.00	16	0	0	7	22	62980716	62980701	3.9	32.2
SMASTR_6_R	NC_000024.10	100.00	17	0	0	4	20	16702758	16702774	0.99	34.2
SMASTR_6_R	NC_000018.10	100.00	17	0	0	1	17	13545939	13545955	0.99	34.2
SMASTR_6_R	NC_000018.10	95.24	21	1	0	1	21	26521462	26521442	0.99	34.2
SMASTR_6_R	NC_000018.10	100.00	16	0	0	6	21	64147437	64147422	3.9	32.2
SMASTR_6_R	NC_000009.12	100.00	17	0	0	3	19	94354441	94354457	0.99	34.2
SMASTR_6_R	NC_000009.12	100.00	17	0	0	3	19	96903192	96903176	0.99	34.2
SMASTR_6_R	NC_000009.12	100.00	16	0	0	4	19	126096062	126096047	3.9	32.2
SMASTR_6_R	NC_000015.10	100.00	16	0	0	1	16	88862101	88862086	3.9	32.2
SMASTR_6_R	NC_000013.11	100.00	16	0	0	4	19	77650896	77650911	3.9	32.2
SMASTR_6_R	NC_000012.12	100.00	16	0	0	8	23	99949267	99949282	3.9	32.2
SMASTR_6_R	NC_000007.14	100.00	16	0	0	8	23	29684131	29684116	3.9	32.2
SMASTR_6_R	NC_000006.12	100.00	16	0	0	3	18	133852701	133852686	3.9	32.2
SMASTR_6_R	NC_000004.12	100.00	16	0	0	7	22	115663934	115663919	3.9	32.2
SMASTR_6_R	NC_000004.12	100.00	16	0	0	3	18	172692692	172692677	3.9	32.2
SMASTR_6_R	NC_000002.12	95.00	20	1	0	1	20	205386901	205386882	3.9	32.2
SMASTR_6_R	NC_000001.11	100.00	16	0	0	6	21	78892092	78892077	3.9	32.2
# BLASTN 2.2.31+
# Query: SMASTR_7_R
# Database: ../BlastDB/human_genome.db
# Fields: query id, subject id, % identity, alignment length, mismatches, gap opens, q. start, q. end, s. start, s. end, evalue, bit score
# 8 hits found
SMASTR_7_R	NC_000014.9	100.00	21	0	0	1	21	104299737	104299717	0.003	42.1
SMASTR_7_R	NC_000008.11	100.00	17	0	0	4	20	118416386	118416402	0.66	34.2
SMASTR_7_R	NC_000008.11	100.00	16	0	0	1	16	108080768	108080783	2.6	32.2
SMASTR_7_R	NC_000023.11	100.00	16	0	0	6	21	82323652	82323667	2.6	32.2
SMASTR_7_R	NC_000020.11	100.00	16	0	0	3	18	34018189	34018174	2.6	32.2
SMASTR_7_R	NC_000010.11	100.00	16	0	0	4	19	76435864	76435879	2.6	32.2
SMASTR_7_R	NC_000005.10	100.00	16	0	0	1	16	58430169	58430154	2.6	32.2
SMASTR_7_R	NC_000001.11	100.00	16	0	0	1	16	221196097	221196082	2.6	32.2
# BLASTN 2.2.31+
# Query: SMASTR_8_R
# Database: ../BlastDB/human_genome.db
# Fields: query id, subject id, % identity, alignment length, mismatches, gap opens, q. start, q. end, s. start, s. end, evalue, bit score
# 35 hits found
SMASTR_8_R	NC_000019.10	100.00	20	0	0	1	20	8721321	8721302	0.008	40.1
SMASTR_8_R	NC_000019.10	100.00	15	0	0	3	17	14487127	14487113	7.7	30.2
SMASTR_8_R	NC_000018.10	100.00	17	0	0	3	19	30729705	30729721	0.50	34.2
SMASTR_8_R	NC_000018.10	100.00	16	0	0	3	18	12767253	12767268	2.0	32.2
SMASTR_8_R	NC_000023.11	100.00	16	0	0	5	20	129187701	129187686	2.0	32.2
SMASTR_8_R	NT_187660.1	100.00	15	0	0	3	17	4250214	4250200	7.7	30.2
SMASTR_8_R	NW_011332701.1	100.00	15	0	0	3	17	4137762	4137748	7.7	30.2
SMASTR_8_R	NC_000021.9	100.00	15	0	0	4	18	31355331	31355345	7.7	30.2
SMASTR_8_R	NC_000021.9	100.00	15	0	0	1	15	32103305	32103319	7.7	30.2
SMASTR_8_R	NC_000021.9	100.00	15	0	0	2	16	35160929	35160915	7.7	30.2
SMASTR_8_R	NC_000021.9	100.00	15	0	0	3	17	35235448	35235434	7.7	30.2
SMASTR_8_R	NC_000020.11	100.00	15	0	0	1	15	49585739	49585725	7.7	30.2
SMASTR_8_R	NC_000016.10	100.00	15	0	0	6	20	23898862	23898876	7.7	30.2
SMASTR_8_R	NC_000015.10	100.00	15	0	0	3	17	31965068	31965054	7.7	30.2
SMASTR_8_R	NC_000013.11	100.00	15	0	0	1	15	20190955	20190969	7.7	30.2
SMASTR_8_R	NC_000012.12	100.00	15	0	0	5	19	5098816	5098830	7.7	30.2
SMASTR_8_R	NC_000011.10	100.00	15	0	0	1	15	42117295	42117281	7.7	30.2
SMASTR_8_R	NC_000011.10	100.00	15	0	0	4	18	106416348	106416334	7.7	30.2
SMASTR_8_R	NC_000010.11	100.00	15	0	0	6	20	77390387	77390373	7.7	30.2
SMASTR_8_R	NC_000010.11	100.00	15	0	0	5	19	104388720	104388734	7.7	30.2
SMASTR_8_R	NC_000008.11	100.00	15	0	0	6	20	63044381	63044367	7.7	30.2
SMASTR_8_R	NC_000008.11	100.00	15	0	0	2	16	95401920	95401906	7.7	30.2
SMASTR_8_R	NC_000007.14	100.00	15	0	0	5	19	69661399	69661385	7.7	30.2
SMASTR_8_R	NC_000007.14	100.00	15	0	0	2	16	156592909	156592923	7.7	30.2
SMASTR_8_R	NC_000006.12	100.00	15	0	0	1	15	1335731	1335717	7.7	30.2
SMASTR_8_R	NC_000006.12	100.00	15	0	0	4	18	27126936	27126922	7.7	30.2
SMASTR_8_R	NC_000006.12	100.00	15	0	0	3	17	135337321	135337307	7.7	30.2
SMASTR_8_R	NC_000005.10	100.00	15	0	0	5	19	15682099	15682085	7.7	30.2
SMASTR_8_R	NC_000005.10	100.00	15	0	0	6	20	119435131	119435145	7.7	30.2
SMASTR_8_R	NC_000004.12	100.00	15	0	0	6	20	107093395	107093409	7.7	30.2
SMASTR_8_R	NC_000004.12	100.00	15	0	0	4	18	159854927	159854941	7.7	30.2
SMASTR_8_R	NC_000003.12	100.00	15	0	0	2	16	47847963	47847949	7.7	30.2
SMASTR_8_R	NC_000002.12	100.00	15	0	0	5	19	142023281	142023295	7.7	30.2
SMASTR_8_R	NC_000002.12	100.00	15	0	0	1	15	162103652	162103638	7.7	30.2
SMASTR_8_R	NC_000001.11	100.00	15	0	0	4	18	21181141	21181155	7.7	30.2
# BLASTN 2.2.31+
# Query: SMASTR_9_R
# Database: ../BlastDB/human_genome.db
# Fields: query id, subject id, % identity, alignment length, mismatches, gap opens, q. start, q. end, s. start, s. end, evalue, bit score
# 30 hits found
SMASTR_9_R	NC_000005.10	100.00	21	0	0	1	21	44689243	44689223	0.003	42.1
SMASTR_9_R	NC_000005.10	100.00	17	0	0	2	18	17667746	17667730	0.66	34.2
SMASTR_9_R	NC_000005.10	100.00	16	0	0	1	16	67489579	67489564	2.6	32.2
SMASTR_9_R	NC_000005.10	100.00	16	0	0	4	19	129222186	129222201	2.6	32.2
SMASTR_9_R	NC_000005.10	100.00	16	0	0	4	19	129223587	129223602	2.6	32.2
SMASTR_9_R	NC_000020.11	100.00	18	0	0	3	20	58886392	58886409	0.17	36.2
SMASTR_9_R	NC_000020.11	100.00	16	0	0	1	16	2564958	2564973	2.6	32.2
SMASTR_9_R	NC_000020.11	100.00	16	0	0	5	20	22966458	22966443	2.6	32.2
SMASTR_9_R	NC_000021.9	100.00	17	0	0	5	21	43711803	43711819	0.66	34.2
SMASTR_9_R	NC_000016.10	100.00	17	0	0	5	21	60107952	60107936	0.66	34.2
SMASTR_9_R	NC_000012.12	100.00	17	0	0	5	21	51579441	51579425	0.66	34.2
SMASTR_9_R	NC_000011.10	100.00	17	0	0	1	17	71549198	71549214	0.66	34.2
SMASTR_9_R	NC_000011.10	100.00	17	0	0	5	21	90252034	90252050	0.66	34.2
SMASTR_9_R	NC_000010.11	100.00	17	0	0	5	21	107936700	107936716	0.66	34.2
SMASTR_9_R	NC_000010.11	100.00	16	0	0	1	16	59586628	59586643	2.6	32.2
SMASTR_9_R	NC_000009.12	100.00	17	0	0	5	21	29132641	29132657	0.66	34.2
SMASTR_9_R	NC_000008.11	100.00	17	0	0	3	19	126271070	126271054	0.66	34.2
SMASTR_9_R	NC_000008.11	100.00	16	0	0	3	18	137161011	137160996	2.6	32.2
SMASTR_9_R	NC_000006.12	100.00	17	0	0	5	21	153227039	153227055	0.66	34.2
SMASTR_9_R	NC_000004.12	100.00	17	0	0	5	21	15915549	15915533	0.66	34.2
SMASTR_9_R	NC_000004.12	100.00	17	0	0	2	18	131264812	131264796	0.66	34.2
SMASTR_9_R	NC_000004.12	100.00	16	0	0	5	20	41072093	41072078	2.6	32.2
SMASTR_9_R	NC_000018.10	100.00	16	0	0	5	20	60945889	60945904	2.6	32.2
SMASTR_9_R	NC_000018.10	100.00	16	0	0	5	20	61027472	61027457	2.6	32.2
SMASTR_9_R	NC_000017.11	100.00	16	0	0	6	21	66456875	66456860	2.6	32.2
SMASTR_9_R	NC_000014.9	95.00	20	1	0	2	21	56263880	56263861	2.6	32.2
SMASTR_9_R	NC_000013.11	100.00	16	0	0	5	20	67470336	67470351	2.6	32.2
SMASTR_9_R	NC_000007.14	100.00	16	0	0	3	18	52785451	52785466	2.6	32.2
SMASTR_9_R	NC_000002.12	100.00	16	0	0	2	17	233640070	233640085	2.6	32.2
SMASTR_9_R	NC_000001.11	100.00	16	0	0	6	21	2839968	2839953	2.6	32.2
# BLASTN 2.2.31+
# Query: SMASTR_10_R
# Database: ../BlastDB/human_genome.db
# Fields: query id, subject id, % identity, alignment length, mismatches, gap opens, q. start, q. end, s. start, s. end, evalue, bit score
# 23 hits found
SMASTR_10_R	NC_000003.12	100.00	23	0	0	1	23	176770040	176770018	3e-04	46.1
SMASTR_10_R	NC_000023.11	95.65	23	1	0	1	23	56210361	56210383	0.063	38.2
SMASTR_10_R	NC_000023.11	95.00	20	1	0	1	20	114088850	114088831	3.9	32.2
SMASTR_10_R	NC_000023.11	95.00	20	1	0	1	20	117357241	117357260	3.9	32.2
SMASTR_10_R	NC_000015.10	95.65	23	1	0	1	23	83953859	83953881	0.063	38.2
SMASTR_10_R	NC_000007.14	95.65	23	1	0	1	23	83120681	83120659	0.063	38.2
SMASTR_10_R	NC_000007.14	95.45	22	1	0	2	23	119112824	119112845	0.25	36.2
SMASTR_10_R	NC_000007.14	95.24	21	1	0	3	23	145965589	145965569	0.99	34.2
SMASTR_10_R	NC_000011.10	95.45	22	1	0	1	22	49701429	49701450	0.25	36.2
SMASTR_10_R	NC_000011.10	95.00	20	1	0	1	20	77567332	77567351	3.9	32.2
SMASTR_10_R	NC_000017.11	95.24	21	1	0	3	23	52679917	52679897	0.99	34.2
SMASTR_10_R	NC_000008.11	95.24	21	1	0	3	23	13761692	13761672	0.99	34.2
SMASTR_10_R	NC_000008.11	95.00	20	1	0	3	22	59988861	59988880	3.9	32.2
SMASTR_10_R	NC_000005.10	95.24	21	1	0	3	23	87839646	87839666	0.99	34.2
SMASTR_10_R	NC_000004.12	95.24	21	1	0	1	21	103381516	103381496	0.99	34.2
SMASTR_10_R	NC_000004.12	100.00	16	0	0	5	20	103953000	103952985	3.9	32.2
SMASTR_10_R	NC_000001.11	95.24	21	1	0	3	23	211142341	211142361	0.99	34.2
SMASTR_10_R	NW_014040928.1	95.00	20	1	0	4	23	88979	88998	3.9	32.2
SMASTR_10_R	NC_000018.10	95.00	20	1	0	4	23	22477658	22477677	3.9	32.2
SMASTR_10_R	NC_000018.10	95.00	20	1	0	4	23	54367549	54367568	3.9	32.2
SMASTR_10_R	NC_000012.12	100.00	16	0	0	5	20	78662821	78662806	3.9	32.2
SMASTR_10_R	NC_000002.12	95.00	20	1	0	1	20	106236334	106236315	3.9	32.2
SMASTR_10_R	NC_000002.12	95.00	20	1	0	1	20	180275828	180275847	3.9	32.2
# BLAST processed 20 queries
